threw an exceptionskipping 326 FOURTEENTH 
skipping 353 FOURTEENTH 
skipping 369 FOURTEENTH 
skipping 374 FOURTEENTH 
skipping 380 FOURTEENTH 
skipping 381 FOURTEENTH 
skipping 382 FOURTEENTH 
skipping 385 FOURTEENTH 
skipping 386 FOURTEENTH 
skipping 388 FOURTEENTH 
skipping 389 FOURTEENTH 
skipping 390 FOURTEENTH 
skipping 393 FOURTEENTH 
skipping 394 FOURTEENTH 
skipping 396 FOURTEENTH 
skipping 397 FOURTEENTH 
skipping 398 FOURTEENTH 
skipping 402 FOURTEENTH 
skipping 403 FOURTEENTH 
skipping 411 FOURTEENTH 
skipping 413 FOURTEENTH 
skipping 415 FOURTEENTH 
skipping 417 FOURTEENTH 
skipping 422 FOURTEENTH 
skipping 423 FOURTEENTH 
skipping 425 FOURTEENTH 
skipping 426 FOURTEENTH 
skipping 427 FOURTEENTH 
skipping 428 FOURTEENTH 
skipping 431 FOURTEENTH 
skipping 432 FOURTEENTH 
skipping 434 FOURTEENTH 
skipping 435 FOURTEENTH 
skipping 439 FOURTEENTH 
skipping 457 FOURTEENTH 
skipping 460 FOURTEENTH 
skipping 467 FOURTEENTH 
skipping 469 FOURTEENTH 
skipping 471 FOURTEENTH 
skipping 10 FIFTEENTH 
skipping 104 FIFTEENTH 
skipping 108 FIFTEENTH 
skipping 14 FIFTEENTH 
skipping 156 FIFTEENTH 
skipping 157 FIFTEENTH 
skipping 159 FIFTEENTH 
skipping 167 FIFTEENTH 
skipping 17 FIFTEENTH 
skipping 175 FIFTEENTH 
skipping 18 FIFTEENTH 
skipping 182 FIFTEENTH 
skipping 186 FIFTEENTH 
skipping 187 FIFTEENTH 
skipping 189 FIFTEENTH 
skipping 19 FIFTEENTH 
skipping 192 FIFTEENTH 
skipping 214 FIFTEENTH 
skipping 22 FIFTEENTH 
skipping 220 FIFTEENTH 
skipping 226 FIFTEENTH 
skipping 228 FIFTEENTH 
skipping 230 FIFTEENTH 
skipping 236 FIFTEENTH 
skipping 240 FIFTEENTH 
skipping 246 FIFTEENTH 
skipping 51 FIFTEENTH 
skipping 95 FOURTH 
skipping 102 TENTH 
skipping 103 TENTH 
skipping 106 TENTH 
skipping 107 TENTH 
skipping 109 TENTH 
skipping 110 TENTH 
skipping 112 TENTH 
skipping 113 TENTH 
skipping 114 TENTH 
skipping 115 TENTH 
skipping 116 TENTH 
skipping 117 TENTH 
skipping 12 TENTH 
skipping 14 TENTH 
145 TENTH 
147 TENTH 
149 TENTH 
15 TENTH 
150 TENTH 
153 TENTH 
157 TENTH 
16 TENTH 
163 TENTH 
167 TENTH 
17 TENTH 
175 TENTH 
179 TENTH 
18 TENTH 
183 TENTH 
185 TENTH 
187 TENTH 
188 TENTH 
189 TENTH 
20 TENTH 
23 TENTH 
24 TENTH 
25 TENTH 
26 TENTH 
27 TENTH 
29 TENTH 
32 TENTH 
34 TENTH 
35 TENTH 
36 TENTH 
37 TENTH 
42 TENTH 
45 TENTH 
48 TENTH 
52 TENTH 
79 TENTH 
80 TENTH 
83 TENTH 
84 TENTH 
86 TENTH 
87 TENTH 
9 TENTH 
91 TENTH 
92 TENTH 
95 TENTH 
96 TENTH 
98 TENTH 
100 FOURTEENTH 
105 FOURTEENTH 
107 FOURTEENTH 
109 FOURTEENTH 
113 FOURTEENTH 
117 FOURTEENTH 
119 FOURTEENTH 
123 FOURTEENTH 
127 FOURTEENTH 
129 FOURTEENTH 
139 FOURTEENTH 
143 FOURTEENTH 
145 FOURTEENTH 
149 FOURTEENTH 
150 FOURTEENTH 
152 FOURTEENTH 
153 FOURTEENTH 
156 FOURTEENTH 
157 FOURTEENTH 
159 FOURTEENTH 
160 FOURTEENTH 
162 FOURTEENTH 
163 FOURTEENTH 
164 FOURTEENTH 
165 FOURTEENTH 
169 FOURTEENTH 
170 FOURTEENTH 
171 FOURTEENTH 
172 FOURTEENTH 
175 FOURTEENTH 
177 FOURTEENTH 
180 FOURTEENTH 
182 FOURTEENTH 
183 FOURTEENTH 
184 FOURTEENTH 
185 FOURTEENTH 
186 FOURTEENTH 
187 FOURTEENTH 
188 FOURTEENTH 
189 FOURTEENTH 
191 FOURTEENTH 
193 FOURTEENTH 
194 FOURTEENTH 
195 FOURTEENTH 
198 FOURTEENTH 
205 FOURTEENTH 
209 FOURTEENTH 
211 FOURTEENTH 
215 FOURTEENTH 
217 FOURTEENTH 
219 FOURTEENTH 
221 FOURTEENTH 
224 FOURTEENTH 
226 FOURTEENTH 
227 FOURTEENTH 
230 FOURTEENTH 
232 FOURTEENTH 
233 FOURTEENTH 
235 FOURTEENTH 
236 FOURTEENTH 
237 FOURTEENTH 
239 FOURTEENTH 
240 FOURTEENTH 
242 FOURTEENTH 
243 FOURTEENTH 
244 FOURTEENTH 
245 FOURTEENTH 
246 FOURTEENTH 
247 FOURTEENTH 
249 FOURTEENTH 
250 FOURTEENTH 
251 FOURTEENTH 
254 FOURTEENTH 
256 FOURTEENTH 
258 FOURTEENTH 
260 FOURTEENTH 
262 FOURTEENTH 
283 FOURTEENTH 
288 FOURTEENTH 
290 FOURTEENTH 
292 FOURTEENTH 
294 FOURTEENTH 
296 FOURTEENTH 
298 FOURTEENTH 
300 FOURTEENTH 
304 FOURTEENTH 
305 FOURTEENTH 
306 FOURTEENTH 
307 FOURTEENTH 
309 FOURTEENTH 
314 FOURTEENTH 
315 FOURTEENTH 
316 FOURTEENTH 
318 FOURTEENTH 
319 FOURTEENTH 
320 FOURTEENTH 
322 FOURTEENTH 
324 FOURTEENTH 
327 FOURTEENTH 
341 FOURTEENTH 
346 FOURTEENTH 
348 FOURTEENTH 
352 FOURTEENTH 
357 FOURTEENTH 
358 FOURTEENTH 
360 FOURTEENTH 
361 FOURTEENTH 
362 FOURTEENTH 
363 FOURTEENTH 
364 FOURTEENTH 
366 FOURTEENTH 
368 FOURTEENTH 
370 FOURTEENTH 
371 FOURTEENTH 
372 FOURTEENTH 
373 FOURTEENTH 
377 FOURTEENTH 
383 FOURTEENTH 
387 FOURTEENTH 
399 FOURTEENTH 
430 FOURTEENTH 
440 FOURTEENTH 
443 FOURTEENTH 
444 FOURTEENTH 
447 FOURTEENTH 
448 FOURTEENTH 
450 FOURTEENTH 
451 FOURTEENTH 
453 FOURTEENTH 
456 FOURTEENTH 
458 FOURTEENTH 
459 FOURTEENTH 
462 FOURTEENTH 
463 FOURTEENTH 
79 FOURTEENTH 
83 FOURTEENTH 
87 FOURTEENTH 
91 FOURTEENTH 
93 FOURTEENTH 
98 FOURTEENTH 
99 FOURTEENTH 
101 FIFTEENTH 
102 FIFTEENTH 
103 FIFTEENTH 
105 FIFTEENTH 
109 FIFTEENTH 
11 FIFTEENTH 
110 FIFTEENTH 
111 FIFTEENTH 
114 FIFTEENTH 
115 FIFTEENTH 
117 FIFTEENTH 
118 FIFTEENTH 
120 FIFTEENTH 
121 FIFTEENTH 
149 FIFTEENTH 
15 FIFTEENTH 
150 FIFTEENTH 
153 FIFTEENTH 
155 FIFTEENTH 
165 FIFTEENTH 
169 FIFTEENTH 
176 FIFTEENTH 
177 FIFTEENTH 
180 FIFTEENTH 
181 FIFTEENTH 
185 FIFTEENTH 
190 FIFTEENTH 
191 FIFTEENTH 
221 FIFTEENTH 
224 FIFTEENTH 
225 FIFTEENTH 
227 FIFTEENTH 
229 FIFTEENTH 
23 FIFTEENTH 
233 FIFTEENTH 
234 FIFTEENTH 
235 FIFTEENTH 
239 FIFTEENTH 
24 FIFTEENTH 
241 FIFTEENTH 
242 FIFTEENTH 
250 FIFTEENTH 
252 FIFTEENTH 
254 FIFTEENTH 
27 FIFTEENTH 
28 FIFTEENTH 
281 FIFTEENTH 
282 FIFTEENTH 
285 FIFTEENTH 
287 FIFTEENTH 
288 FIFTEENTH 
291 FIFTEENTH 
292 FIFTEENTH 
293 FIFTEENTH 
297 FIFTEENTH 
298 FIFTEENTH 
299 FIFTEENTH 
30 FIFTEENTH 
300 FIFTEENTH 
302 FIFTEENTH 
303 FIFTEENTH 
305 FIFTEENTH 
306 FIFTEENTH 
308 FIFTEENTH 
309 FIFTEENTH 
31 FIFTEENTH 
310 FIFTEENTH 
313 FIFTEENTH 
314 FIFTEENTH 
317 FIFTEENTH 
318 FIFTEENTH 
319 FIFTEENTH 
321 FIFTEENTH 
324 FIFTEENTH 
326 FIFTEENTH 
327 FIFTEENTH 
328 FIFTEENTH 
329 FIFTEENTH 
332 FIFTEENTH 
333 FIFTEENTH 
335 FIFTEENTH 
339 FIFTEENTH 
34 FIFTEENTH 
341 FIFTEENTH 
35 FIFTEENTH 
37 FIFTEENTH 
38 FIFTEENTH 
39 FIFTEENTH 
40 FIFTEENTH 
42 FIFTEENTH 
43 FIFTEENTH 
45 FIFTEENTH 
46 FIFTEENTH 
47 FIFTEENTH 
49 FIFTEENTH 
50 FIFTEENTH 
52 FIFTEENTH 
81 FIFTEENTH 
84 FIFTEENTH 
85 FIFTEENTH 
87 FIFTEENTH 
89 FIFTEENTH 
90 FIFTEENTH 
91 FIFTEENTH 
92 FIFTEENTH 
94 FIFTEENTH 
95 FIFTEENTH 
97 FIFTEENTH 
98 FIFTEENTH 
134 SIXTEENTH 
136 SIXTEENTH 
139 SIXTEENTH 
140 SIXTEENTH 
141 SIXTEENTH 
142 SIXTEENTH 
145 SIXTEENTH 
146 SIXTEENTH 
147 SIXTEENTH 
148 SIXTEENTH 
149 SIXTEENTH 
150 SIXTEENTH 
151 SIXTEENTH 
152 SIXTEENTH 
155 SIXTEENTH 
156 SIXTEENTH 
157 SIXTEENTH 
158 SIXTEENTH 
160 SIXTEENTH 
161 SIXTEENTH 
162 SIXTEENTH 
163 SIXTEENTH 
165 SIXTEENTH 
166 SIXTEENTH 
167 SIXTEENTH 
168 SIXTEENTH 
170 SIXTEENTH 
171 SIXTEENTH 
61 SIXTEENTH 
65 SIXTEENTH 
69 SIXTEENTH 
70 SIXTEENTH 
72 SIXTEENTH 
73 SIXTEENTH 
74 SIXTEENTH 
75 SIXTEENTH 
76 SIXTEENTH 
79 SIXTEENTH 
80 SIXTEENTH 
81 SIXTEENTH 
84 SIXTEENTH 
85 SIXTEENTH 
86 SIXTEENTH 
87 SIXTEENTH 
88 SIXTEENTH 
89 SIXTEENTH 
90 SIXTEENTH 
91 SIXTEENTH 
92 SIXTEENTH 
94 SIXTEENTH 
95 SIXTEENTH 
97 SIXTEENTH 
98 SIXTEENTH 
99 SIXTEENTH 
100 SEVENTEENTH 
101 SEVENTEENTH 
102 SEVENTEENTH 
103 SEVENTEENTH 
104 SEVENTEENTH 
108 SEVENTEENTH 
109 SEVENTEENTH 
111 SEVENTEENTH 
112 SEVENTEENTH 
114 SEVENTEENTH 
115 SEVENTEENTH 
116 SEVENTEENTH 
117 SEVENTEENTH 
119 SEVENTEENTH 
14 SEVENTEENTH 
18 SEVENTEENTH 
22 SEVENTEENTH 
26 SEVENTEENTH 
28 SEVENTEENTH 
30 SEVENTEENTH 
32 SEVENTEENTH 
34 SEVENTEENTH 
38 SEVENTEENTH 
43 SEVENTEENTH 
44 SEVENTEENTH 
47 SEVENTEENTH 
48 SEVENTEENTH 
53 SEVENTEENTH 
77 SEVENTEENTH 
82 SEVENTEENTH 
83 SEVENTEENTH 
84 SEVENTEENTH 
85 SEVENTEENTH 
87 SEVENTEENTH 
88 SEVENTEENTH 
90 SEVENTEENTH 
91 SEVENTEENTH 
93 SEVENTEENTH 
94 SEVENTEENTH 
95 SEVENTEENTH 
98 SEVENTEENTH 
99 SEVENTEENTH 
100 EIGHTEENTH 
101 EIGHTEENTH 
102 EIGHTEENTH 
105 EIGHTEENTH 
106 EIGHTEENTH 
107 EIGHTEENTH 
11 EIGHTEENTH 
111 EIGHTEENTH 
112 EIGHTEENTH 
113 EIGHTEENTH 
114 EIGHTEENTH 
117 EIGHTEENTH 
118 EIGHTEENTH 
119 EIGHTEENTH 
12 EIGHTEENTH 
120 EIGHTEENTH 
123 EIGHTEENTH 
124 EIGHTEENTH 
15 EIGHTEENTH 
16 EIGHTEENTH 
18 EIGHTEENTH 
19 EIGHTEENTH 
21 EIGHTEENTH 
22 EIGHTEENTH 
26 EIGHTEENTH 
27 EIGHTEENTH 
28 EIGHTEENTH 
30 EIGHTEENTH 
31 EIGHTEENTH 
33 EIGHTEENTH 
34 EIGHTEENTH threw an exceptionundefined method `value=' for nil:NilClassthrew an exceptionundefined method `value=' for nil:NilClass
36 EIGHTEENTH 
37 EIGHTEENTH 
38 EIGHTEENTH 
39 EIGHTEENTH 
40 EIGHTEENTH 
41 EIGHTEENTH 
44 EIGHTEENTH 
45 EIGHTEENTH 
46 EIGHTEENTH 
47 EIGHTEENTH 
48 EIGHTEENTH 
51 EIGHTEENTH 
52 EIGHTEENTH 
55 EIGHTEENTH 
6 EIGHTEENTH 
78 EIGHTEENTH 
81 EIGHTEENTH 
82 EIGHTEENTH 
83 EIGHTEENTH 
86 EIGHTEENTH 
87 EIGHTEENTH 
88 EIGHTEENTH 
89 EIGHTEENTH 
90 EIGHTEENTH 
93 EIGHTEENTH 
94 EIGHTEENTH 
95 EIGHTEENTH 
96 EIGHTEENTH 
99 EIGHTEENTH 
100 NINETEENTH 
105 NINETEENTH 
106 NINETEENTH 
108 NINETEENTH 
109 NINETEENTH 
110 NINETEENTH 
111 NINETEENTH 
112 NINETEENTH 
113 NINETEENTH 
114 NINETEENTH 
115 NINETEENTH 
116 NINETEENTH 
118 NINETEENTH 
124 NINETEENTH 
14 NINETEENTH 
15 NINETEENTH 
16 NINETEENTH 
19 NINETEENTH 
20 NINETEENTH 
21 NINETEENTH 
22 NINETEENTH 
23 NINETEENTH 
26 NINETEENTH 
27 NINETEENTH 
28 NINETEENTH 
31 NINETEENTH 
32 NINETEENTH 
33 NINETEENTH 
36 NINETEENTH 
37 NINETEENTH 
38 NINETEENTH 
40 NINETEENTH 
41 NINETEENTH 
42 NINETEENTH 
44 NINETEENTH 
45 NINETEENTH 
48 NINETEENTH 
49 NINETEENTH 
50 NINETEENTH 
81 NINETEENTH 
83 NINETEENTH 
86 NINETEENTH 
87 NINETEENTH 
88 NINETEENTH 
89 NINETEENTH 
92 NINETEENTH 
93 NINETEENTH 
94 NINETEENTH 
95 NINETEENTH 
97 NINETEENTH 
98 NINETEENTH 
55 FOURTH 
602 FOURTH 
617 FOURTH 
619 FOURTH 
621 FOURTH 
637 FOURTH 
640 FOURTH 
10 SEVENTH 
10 SEVENTH NEW 
190 SEVENTH 
20 SEVENTH 
20 SEVENTH NEW 
254 SEVENTH 
255 SEVENTH 
257 SEVENTH 
258 SEVENTH 
261 SEVENTH 
262 SEVENTH 
264 SEVENTH 
266 SEVENTH 
268 SEVENTH 
270 SEVENTH 
275 SEVENTH 
276 SEVENTH 
282 SEVENTH 
284 SEVENTH 
286 SEVENTH 
288 SEVENTH 
290 SEVENTH 
292 SEVENTH 
294 SEVENTH 
296 SEVENTH 
300 SEVENTH 
302 SEVENTH 
304 SEVENTH 
306 SEVENTH 
320 SEVENTH 
345 SEVENTH 
358 SEVENTH 
370 SEVENTH 
374 SEVENTH 
375 SEVENTH 
379 SEVENTH 
385 SEVENTH 
393 SEVENTH 
394 SEVENTH 
396 SEVENTH 
397 SEVENTH 
399 SEVENTH 
400 SEVENTH 
402 SEVENTH 
405 SEVENTH 
406 SEVENTH 
407 SEVENTH 
409 SEVENTH 
410 SEVENTH 
411 SEVENTH 
412 SEVENTH 
414 SEVENTH 
415 SEVENTH 
419 SEVENTH 
420 SEVENTH 
423 SEVENTH 
424 SEVENTH 
425 SEVENTH 
426 SEVENTH 
427 SEVENTH 
428 SEVENTH 
430 SEVENTH 
431 SEVENTH 
432 SEVENTH 
435 SEVENTH 
437 SEVENTH 
438 SEVENTH 
440 SEVENTH 
443 SEVENTH 
445 SEVENTH 
447 SEVENTH 
448 SEVENTH 
449 SEVENTH 
450 SEVENTH 
451 SEVENTH 
452 SEVENTH 
454 SEVENTH 
463 SEVENTH 
464 SEVENTH 
465 SEVENTH 
468 SEVENTH 
469 SEVENTH 
470 SEVENTH 
471 SEVENTH 
474 SEVENTH 
475 SEVENTH 
476 SEVENTH 
477 SEVENTH 
480 SEVENTH 
481 SEVENTH 
482 SEVENTH 
483 SEVENTH 
485 SEVENTH 
486 SEVENTH 
489 SEVENTH 
490 SEVENTH 
492 SEVENTH 
493 SEVENTH 
494 SEVENTH 
495 SEVENTH 
496 SEVENTH 
497 SEVENTH 
498 SEVENTH 
500 SEVENTH 
502 SEVENTH 
505 SEVENTH 
507 SEVENTH 
513 SEVENTH 
515 SEVENTH 
517 SEVENTH 
520 SEVENTH 
521 SEVENTH 
523 SEVENTH 
538 SEVENTH 
540 SEVENTH 
541 SEVENTH 
542 SEVENTH 
543 SEVENTH 
545 SEVENTH 
546 SEVENTH 
547 SEVENTH 
550 SEVENTH 
551 SEVENTH 
552 SEVENTH 
554 SEVENTH 
555 SEVENTH 
556 SEVENTH 
559 SEVENTH 
560 SEVENTH 
561 SEVENTH 
563 SEVENTH 
564 SEVENTH 
567 SEVENTH 
568 SEVENTH 
574 SEVENTH 
576 SEVENTH 
578 SEVENTH 
582 SEVENTH 
586 SEVENTH 
 AVON 
 AVON 
1 ASHTON 
1 ARUNDEL 
1 ALICE 
1 ANDREW 
1 AA 
1 AVERY 
1 AGASSIZ 
1 ARGYLE 
1 ALMA 
10 ARNOLD 
10 ARGYLE 
10 APPENHEIMER 
10 ALBEMARLE 
10 AA 
10 ALBION 
10 ALMA 
10 AVERY 
10 ANGLE 
10 ABBOTTSFORD 
10 AUSTIN 
100 AMHERST ST 
100 ANDOVER 
100 ALBANY 
100 ASHLAND 
100 AMBER 
100 ACADEMY 
100 ARMBRUSTER 
100 ARMIN 
100 ALSACE 
100 ASHLEY 
100 ASH 
100 ALMA 
1001 ABBOTT 
1002 ABBOTT 
1005 ABBOTT 
101 ALDRICH 
101 ARMIN 
101 ALEXANDER 
101 AMHERST ST 
101 ARGUS 
101 ALMA 
101 ARDEN 
101 AMHERST ST 
101 ASHLEY 
101 ALTRURIA 
101 AMBER 
1011 ABBOTT 
1011 AMHERST ST 
1015 ABBOTT 
1016 ABBOTT 
1016 AMHERST ST 
1019 ABBOTT 
102 ALTRURIA 
102 ASH 
102 ALEXANDER 
102 ANDERSON 
102 AMHERST ST 
102 ALBERT 
102 ARGUS 
102 ANDOVER 
102 ALMA 
102 ALBANY 
102 ARDEN 
102 ALDRICH 
102 ARMIN 
102 AVONDALE 
102 ABBOTT 
1020 ABBOTT 
1021 ABBOTT 
1024 AMHERST ST 
1028 ABBOTT 
103 ACADEMY 
103 ADAMS 
103 AUSTIN 
103 ALBERT 
103 AMHERST ST 
103 ANDERSON 
103 ASHLAND 
103 ALDRICH 
103 ARMBRUSTER 
103 AVONDALE 
103 ANDOVER 
103 ALEXANDER 
103 AMHERST ST 
1030 AMHERST ST 
1032 ABBOTT 
1035 ABBOTT 
1036 ABBOTT 
1038 ABBOTT 
1038 AMHERST ST 
104 ARGUS 
104 ALSACE 
104 ACADEMY 
104 ASH 
104 AMBER 
104 ALDRICH 
104 ASHLEY 
1042 ABBOTT 
1044 AMHERST ST 
1046 AMHERST ST 
105 ARGUS 
105 ALBERT 
105 ASHLAND 
105 ANDOVER 
105 ALTRURIA 
105 AMBER 
105 ARMIN 
105 ASHLEY 
105 AMHERST ST 
105 ALMA 
105 ARDEN 
1050 ABBOTT 
1051 ABBOTT 
1055 ABBOTT 
1059 ABBOTT 
106 ABBY 
106 ALABAMA 
106 AMBER 
106 ASH 
106 ARCHIE 
106 ASHLEY 
106 ANDOVER 
106 ANDERSON 
106 AVONDALE 
106 ARMIN 
106 ARDEN 
106 ALMA 
1060 AMHERST ST 
1063 AMHERST ST 
1064 AMHERST ST 
1066 ABBOTT 
1067 AMHERST ST 
1069 ABBOTT 
107 ABBOTT 
107 AMHERST ST 
107 AMHERST ST 
107 APPENHEIMER 
107 ALDRICH 
107 ALABAMA 
107 ASHLEY 
107 ASHLAND 
107 ACADEMY 
107 ARGUS 
1070 AMHERST ST 
1071 AMHERST ST 
1072 ABBOTT 
1073 ABBOTT 
1074 AMHERST ST 
1076 ABBOTT 
1077 AMHERST ST 
1077 ABBOTT 
1078 AMHERST ST 
108 AUSTIN 
108 ALDRICH 
108 ACADEMY 
108 ALTRURIA 
108 ALSACE 
108 AMHERST ST 
108 ARGUS 
108 ALBERT 
108 ASHLAND 
1080 ABBOTT 
1081 ABBOTT 
1083 ABBOTT 
1084 ABBOTT 
1084 AMHERST ST 
1085 AMHERST ST 
1087 AMHERST ST 
1087 ABBOTT 
1088 AMHERST ST 
1088 ABBOTT 
109 ALDRICH 
109 ALTRURIA 
109 ASHLAND 
109 AVONDALE 
109 ALMA 
109 ALBERT 
109 AMHERST ST 
109 ARDEN 
109 ANDOVER 
109 AMBER 
109 ARMIN 
1090 ABBOTT 
1091 ABBOTT 
1092 ABBOTT 
1094 AMHERST ST 
1097 AMHERST ST 
11 ABBOTTSFORD 
11 AVERY 
11 ADMIRAL 
11 ARNOLD 
11 ANDOVER 
11 ADA 
11 ASHTON 
11 AA 
11 ARMBRUSTER 
11 ARLINGTON 
11 ATHOL 
11 ALMA 
11 ALICE 
11 ARUNDEL 
110 ALBEMARLE 
110 AMHERST ST 
110 ALDRICH 
110 ARCHIE 
110 ASH 
110 ARMIN 
110 ALABAMA 
110 AMBER 
110 AVONDALE 
110 ANDERSON 
110 ASHLAND 
110 ANDOVER 
110 ALMA 
110 ARDEN 
1100 AMHERST ST 
1101 AMHERST ST 
1102 ABBOTT 
111 ACADEMY 
111 AUSTIN 
111 ARGUS 
111 ALBERT 
111 APPENHEIMER 
111 ARDEN 
111 ASHLEY 
111 AMBER 
1110 AMHERST ST 
1110 ABBOTT 
1111 AMHERST ST 
1112 ABBOTT 
1114 ABBOTT 
1114 AMHERST ST 
112 APPENHEIMER 
112 ASHLAND 
112 AUBURN 
112 ALTRURIA 
112 ASHLEY 
112 AMBER 
112 ALSACE 
112 ALABAMA 
112 ABBOTT 
112 ARCHIE 
112 ACADEMY 
112 ARKANSAS 
112 ARGUS 
112 ALBERT 
113 ARGUS 
113 AVONDALE 
113 ALTRURIA 
113 ALDRICH 
113 ARMIN 
114 ALABAMA 
114 ANDERSON 
114 APPENHEIMER 
114 ALBEMARLE 
114 ARGUS 
114 ARMIN 
114 ABBOTT 
114 ACADEMY 
114 ARCHIE 
114 ALDRICH 
114 ADMIRAL 
114 ASHLAND 
114 ARDEN 
1147 ABBOTT 
115 ALDRICH 
115 ABBOTT 
115 ADMIRAL 
115 ALBERT 
115 AMHERST ST 
115 AUBURN 
115 ASHLAND 
115 AVON 
115 ASHLEY 
115 ASH 
115 ACADEMY 
1155 AMHERST ST 
1156 ABBOTT 
1159 ABBOTT 
116 ALDRICH 
116 ALSACE 
116 AMBER 
116 ALTRURIA 
116 AVONDALE 
116 ALBERT 
116 AUSTIN 
116 AUBURN 
1161 ABBOTT 
1166 ABBOTT 
1167 AMHERST ST 
117 AUBURN 
117 ARMIN 
117 AMBER 
117 ACADEMY 
117 ALTRURIA 
117 AVONDALE 
117 ARGUS 
117 AMHERST ST 
117 ARDEN 
1173 AMHERST ST 
1177 ABBOTT 
118 ACADEMY 
118 AMBER 
118 ARMIN 
118 ABBOTT 
118 ASHLAND 
118 ARGUS 
118 ALBEMARLE 
118 ADMIRAL 
118 AUBURN 
118 ARDEN 
1180 ABBOTT 
1180 AMHERST ST 
1182 AMHERST ST 
119 ALBERT 
119 ALDRICH 
119 ARCHIE 
119 ARGUS 
119 AMHERST ST 
119 ASHLAND 
119 ALBANY 
119 AUBURN 
119 ARMIN 
12 ASHTON 
12 ALTRURIA 
12 AA 
12 AUGUSTA 
12 ALICE 
12 ARLINGTON 
12 ARNOLD 
12 ARDMORE 
12 ADMIRAL 
12 AVERY 
12 ARSENAL 
12 ATLANTIC 
12 ARMBRUSTER 
12 ABBOTTSFORD 
12 ALMA 
12 ALEXANDER 
120 ARDEN 
120 AVONDALE 
120 ARMIN 
120 ALSACE 
120 ALABAMA 
120 ALDRICH 
120 AVERY 
120 ALBEMARLE 
120 ALBERT 
120 AMHERST ST 
120 AUBURN 
121 AUBURN 
121 ALTRURIA 
121 AMBER 
121 AVONDALE 
121 ALDRICH 
121 ACADEMY 
121 ARDEN 
121 ALBANY 
121 ADMIRAL 
122 ADMIRAL 
122 ARGUS 
122 AUSTIN 
122 ALBANY 
122 ABBOTT 
122 AVONDALE 
122 ALTRURIA 
122 AMBER 
122 ALABAMA 
122 ACADEMY 
122 ALDRICH 
122 AUBURN 
122 ASHLAND 
122 AVERY 
123 ARGUS 
123 ASHLAND 
123 ARMIN 
123 ASHLEY 
123 ABBOTT 
123 ARKANSAS 
123 AUBURN 
123 ALBERT 
124 ARDEN 
124 ABBOTT 
124 ALABAMA 
124 ASHLEY 
124 ARMIN 
124 AMBER 
124 ALSACE 
124 ASH 
124 AUBURN 
124 ARGUS 
124 ALBERT 
125 AVERY 
125 ARTHUR 
125 ARDEN 
125 ALDRICH 
125 ARKANSAS 
125 ALBANY 
125 ALBERT 
125 AUSTIN 
1250 AMHERST ST 
126 AVERY 
126 AUBURN 
126 ALDRICH 
126 ASH 
126 ADMIRAL 
126 AUSTIN 
126 ALBANY 
126 ARKANSAS 
126 ASHLAND 
126 ALABAMA 
127 ASHLEY 
127 ASHLAND 
127 ALDRICH 
127 ALTRURIA 
127 ARKANSAS 
127 ALBANY 
127 APPENHEIMER 
127 AUBURN 
127 ALBERT 
127 ABBOTT 
127 ARMIN 
127 ARDEN 
127 ARGUS 
127 ADMIRAL 
128 ARDEN 
128 ALBANY 
128 ARMIN 
128 AMBER 
128 ALTRURIA 
128 ARGUS 
128 ALBERT 
128 AUBURN 
128 ASHLAND 
128 ASHLEY 
128 ALABAMA 
128 ABBOTT 
129 ASHLEY 
129 ASHLAND 
129 ALDRICH 
129 ALBANY 
129 AMBER 
129 ALTRURIA 
129 ABBOTT 
129 ARMIN 
129 APPENHEIMER 
129 ARGUS 
129 AVERY 
129 ALBERT 
13 ARNOLD 
13 ARKANSAS 
13 ABBOTTSFORD 
13 ATHOL 
13 AA 
130 AMBER 
130 ALABAMA 
130 AVERY 
130 ADMIRAL 
130 ASHLEY 
131 APPENHEIMER 
131 ARDEN 
131 ASHLEY 
131 ALTRURIA 
1310 AMHERST ST 
132 ALBERT 
132 ARGUS 
132 ALBANY 
132 ASHLAND 
132 ALABAMA 
132 ARMIN 
132 ABBOTT 
132 ARDEN 
132 ALTRURIA 
132 ALDRICH 
1320 AMHERST ST 
1324 AMHERST ST 
1328 AMHERST ST 
133 AUSTIN 
133 ARGUS 
133 AVERY 
133 ALBANY 
133 APPENHEIMER 
133 ASHLEY 
133 ARCHIE 
133 ASHLAND 
133 ARMIN 
133 ALDRICH 
133 ADMIRAL 
133 ARKANSAS 
133 AMBER 
133 ALTRURIA 
1334 AMHERST ST 
1338 AMHERST ST 
134 ARGUS 
134 ALBANY 
134 AMBER 
134 ALTRURIA 
134 ARCHIE 
134 AVERY 
134 ADMIRAL 
1342 AMHERST ST 
135 ADMIRAL 
135 ARGUS 
135 AVERY 
135 ASHLEY 
135 ASHLAND 
135 AMBER 
135 ALTRURIA 
1350 AMHERST ST 
1354 AMHERST ST 
136 AUSTIN 
136 ARDEN 
136 ALDRICH 
136 ASHLEY 
136 ADAMS 
136 AMBER 
136 ARCHIE 
136 ALTRURIA 
136 AVERY 
136 ALBANY 
1360 AMHERST ST 
1362 AMHERST ST 
1364 AMHERST ST 
137 ARCHIE 
137 ALDRICH 
137 ARDEN 
137 AUSTIN 
137 ARTHUR 
1372 AMHERST ST 
1376 AMHERST ST 
138 ADMIRAL 
138 ALTRURIA 
138 ADAMS 
138 ALLEN 
138 AUSTIN 
138 ARGUS 
138 ARKANSAS 
138 ASHLEY 
1380 AMHERST ST 
1384 AMHERST ST 
139 ALBERT 
139 ARGUS 
139 ARDEN 
139 ARKANSAS 
139 AUBURN 
139 ASHLEY 
139 ALTRURIA 
139 AVERY 
1392 AMHERST ST 
1394 AMHERST ST 
1396 AMHERST ST 
14 ARDMORE 
14 ABBOTTSFORD 
14 ADA 
14 ANDOVER 
14 AMSTERDAM 
14 AUCHINVOLE 
14 AUDREY 
14 ARSENAL 
14 ARMIN 
14 AA 
14 ALBEMARLE 
14 ALLENHURST 
14 ARGYLE 
14 ALICE 
14 ARKANSAS 
14 ALMONT 
140 ABBOTT 
140 ASHLEY 
140 ARTHUR 
140 AUSTIN 
140 ALDRICH 
140 ALTRURIA 
140 AMBER 
140 ALLEN 
140 ARDEN 
140 ALBANY 
140 AVERY 
1400 AMHERST ST 
141 AUSTIN 
141 AMBER 
141 ABBOTT 
141 AVERY 
141 AUBURN 
141 ARKANSAS 
141 ALTRURIA 
141 ALDRICH 
1412 AMHERST ST 
1418 AMHERST ST 
142 ARTHUR 
142 ARCHIE 
142 AMBER 
142 AUBURN 
142 ALTRURIA 
1424 AMHERST ST 
1428 AMHERST ST 
143 ALLEN 
143 AMBER 
143 ASHLEY 
143 ARGUS 
1432 AMHERST ST 
144 AVERY 
144 ALTRURIA 
144 ALDRICH 
144 ALLEN 
144 ASHLEY 
144 ADAMS 
145 ASHLEY 
145 ALTRURIA 
145 ARGUS 
145 AUSTIN 
145 ARKANSAS 
145 ANDERSON 
145 ALLEN 
1457 AMHERST ST 
146 AUSTIN 
146 AUBURN 
146 ADAMS 
146 ASHLEY 
146 AMBER 
146 ANDERSON 
1461 AMHERST ST 
1467 AMHERST ST 
147 AVERY 
147 AUSTIN 
147 ALLEN 
147 AUBURN 
1471 AMHERST ST 
1474 AMHERST ST 
1475 AMHERST ST 
148 AUBURN 
148 ALLEN 
148 ADAMS 
148 ALTRURIA 
148 ADMIRAL 
148 AVERY 
148 ALDRICH 
148 AMBER 
149 ALTRURIA 
149 AUBURN 
149 ARKANSAS 
149 ALDRICH 
149 ALLEN 
149 ANDERSON 
149 ADMIRAL 
149 AVERY 
149 ARGUS 
15 ARTHUR 
15 ADMIRAL 
15 ARKANSAS 
15 AUCHINVOLE 
15 ALMA 
15 ARLINGTON 
15 ALWIN 
15 ARBOUR 
15 AMBER 
15 ASHTON 
15 ANDERSON 
15 ANDOVER 
15 ARGYLE 
15 ARNOLD 
15 ALICE 
15 AMSTERDAM 
15 ARUNDEL 
15 ALDEN 
15 ALBEMARLE 
15 ALBERT 
15 AVERY 
15 ALLENHURST 
15 ABBOTTSFORD 
15 AA 
15 ALTRURIA 
15 AVONDALE 
15 ALAMO 
15 ALBION 
15 ANTWERP 
15 A ST 
15 ALLEN 
150 ALLEN 
150 ADAMS 
150 ALDRICH 
150 ADMIRAL 
150 ALTRURIA 
150 ANDERSON 
1508 AMHERST ST 
151 ALTRURIA 
151 ALABAMA 
151 AUBURN 
151 ASHLEY 
151 ADAMS 
151 ALLEN 
151 AMBER 
1515 AMHERST ST 
152 AMBER 
152 ALTRURIA 
152 ALLEN 
152 ASHLEY 
152 ALDRICH 
152 AUBURN 
152 ALBANY 
153 ARKANSAS 
153 ALDRICH 
153 ALLEN 
153 ARCHIE 
153 ALABAMA 
153 ANDERSON 
154 ADMIRAL 
154 AMBER 
154 ANDERSON 
154 AVERY 
1544 AMHERST ST 
1545 AMHERST ST 
1547 AMHERST ST 
155 ADMIRAL 
155 AUSTIN 
155 AVERY 
155 AUBURN 
155 ALTRURIA 
155 ALABAMA 
155 ARCHIE 
155 ARKANSAS 
155 ALLEN 
1550 AMHERST ST 
156 ALABAMA 
156 ASHLEY 
156 AUBURN 
156 ALBANY 
157 ARKANSAS 
157 ANDERSON 
157 AUBURN 
157 ASHLEY 
157 AMBER 
157 ALDRICH 
157 AUSTIN 
158 AVERY 
158 ALDRICH 
158 AMBER 
158 ALABAMA 
158 ASHLEY 
158 AUBURN 
158 ANDERSON 
158 ADMIRAL 
158 AUSTIN 
1580 AMHERST ST 
1586 AMHERST ST 
159 ANDERSON 
159 ARKANSAS 
159 ASHLEY 
159 ALABAMA 
159 ALTRURIA 
159 AMBER 
159 AVERY 
16 ABBOTTSFORD 
16 AVERY 
16 ADMIRAL 
16 ASHLAND 
16 ARNOLD 
16 AMSTERDAM 
16 AA 
16 ALSACE 
16 AMBER 
16 ARBOUR 
16 ASHTON 
16 ABBOTT 
16 ALDRICH 
16 AUGUSTA 
16 ARMBRUSTER 
16 ALBION 
16 ARCHER 
16 ALWIN 
16 ALLEN 
16 ANTWERP 
16 ACADEMY 
16 ARKANSAS 
16 ATLANTIC 
16 AUCHINVOLE 
16 ALMA 
16 ALDEN 
160 AUBURN 
160 ADAMS 
160 ALTRURIA 
160 AMBER 
160 ABBOTT 
160 ALABAMA 
1600 AMHERST ST 
1602 AMHERST ST 
161 ADMIRAL 
161 ALDRICH 
161 AUSTIN 
162 AUSTIN 
162 ADMIRAL 
162 ANDERSON 
162 ASHLAND 
162 ALDRICH 
162 ASHLEY 
162 ALLEN 
162 ALABAMA 
162 AUBURN 
1620 AMHERST ST 
163 AUSTIN 
163 AVERY 
163 ANDERSON 
163 ALDRICH 
163 AMBER 
163 ALTRURIA 
163 ADAMS 
163 ALABAMA 
164 ALABAMA 
164 AMBER 
164 ALTRURIA 
164 ALBANY 
165 ARKANSAS 
165 AVERY 
165 ALTRURIA 
165 ANDERSON 
1652 AMHERST ST 
1658 AMHERST ST 
1659 AMHERST ST 
166 ALLEN 
166 ALTRURIA 
166 AMBER 
166 ASHLAND 
166 AVERY 
166 ADMIRAL 
166 ANDERSON 
166 ALABAMA 
1663 AMHERST ST 
1667 AMHERST ST 
1668 AMHERST ST 
167 ADMIRAL 
167 ARKANSAS 
167 ALABAMA 
167 ALDRICH 
167 ASHLAND 
1671 AMHERST ST 
1674 AMHERST ST 
1677 AMHERST ST 
1679 AMHERST ST 
168 AUSTIN 
168 ALDRICH 
168 ASHLAND 
168 ALBANY 
168 ALABAMA 
1680 AMHERST ST 
1681 AMHERST ST 
1682 AMHERST ST 
1683 AMHERST ST 
1689 AMHERST ST 
169 AUSTIN 
169 AVERY 
169 ARKANSAS 
169 ALLEN 
169 ANDERSON 
169 ALTRURIA 
169 ALABAMA 
169 AMBER 
1693 AMHERST ST 
1697 AMHERST ST 
1698 AMHERST ST 
1699 AMHERST ST 
17 ABBOTTSFORD 
17 ALBERT 
17 ALICE 
17 ARCHER 
17 ALWIN 
17 ALDRICH 
17 ALBEMARLE 
17 ANDERSON 
17 AUCHINVOLE 
17 ARNOLD 
17 ALSACE 
17 ARMIN 
17 AMELIA 
17 ATHOL 
17 ANTWERP 
17 AA 
170 ABBOTT 
170 ASHLAND 
170 ANDERSON 
170 ALABAMA 
170 AMBER 
170 AUBURN 
170 AVERY 
170 ADMIRAL 
170 AUSTIN 
1702 AMHERST ST 
1703 AMHERST ST 
1707 AMHERST ST 
1708 AMHERST ST 
1709 AMHERST ST 
171 ADMIRAL 
171 AUSTIN 
171 ALABAMA 
1711 AMHERST ST 
1714 AMHERST ST 
1715 AMHERST ST 
1717 AMHERST ST 
172 AUSTIN 
172 AMBER 
172 ALBANY 
172 ALABAMA 
172 ASHLAND 
172 ALLEN 
172 ARCHIE 
172 ALDRICH 
172 ALTRURIA 
1720 AMHERST ST 
1721 AMHERST ST 
1723 AMHERST ST 
1725 AMHERST ST 
1726 AMHERST ST 
1727 AMHERST ST 
1729 AMHERST ST 
173 AVERY 
173 ALDRICH 
173 ANDERSON 
173 AUSTIN 
173 ALTRURIA 
173 ALLEN 
1730 AMHERST ST 
1735 AMHERST ST 
1739 AMHERST ST 
174 AUSTIN 
174 ANDERSON 
174 ALABAMA 
174 ADMIRAL 
174 AVERY 
1740 AMHERST ST 
1741 AMHERST ST 
1745 AMHERST ST 
175 AMBER 
175 ADMIRAL 
175 AUSTIN 
176 ALBANY 
176 ALDRICH 
176 AMBER 
176 ARCHIE 
176 AVERY 
177 AVERY 
177 AMHERST EAST 
177 ALBANY 
177 ANDERSON 
177 ALTRURIA 
178 ALTRURIA 
178 AMBER 
178 ALBANY 
178 AMHERST EAST 
178 ADMIRAL 
178 ARCHIE 
178 ANDERSON 
178 ASHLAND 
179 ALDRICH 
179 AMBER 
179 AVERY 
179 ALBANY 
179 ANDERSON 
179 AUBURN 
179 ADMIRAL 
179 ALTRURIA 
179 ASHLEY 
18 ARMBRUSTER 
18 ALBION 
18 ABBOTT 
18 ARMIN 
18 ARSENAL 
18 AA 
18 ALDRICH 
18 ABBOTTSFORD 
18 ALLENHURST 
18 ALBEMARLE 
18 ARDMORE 
18 ASHLAND 
18 ARNOLD 
18 AUCHINVOLE 
18 ARLINGTON 
18 ANDERSON 
18 ANDOVER 
18 AMSTERDAM 
18 ALBERT 
18 ALTRURIA 
18 ALLEGANY 
18 ALWIN 
18 ADAMS 
18 AUDREY 
18 ARCHER 
180 ALDRICH 
180 AVERY 
180 AUBURN 
180 ALTRURIA 
180 ASHLEY 
181 ARCHIE 
181 ALLEN 
182 ARCHIE 
182 AMBER 
182 AUBURN 
182 ADMIRAL 
182 ASHLEY 
183 ALTRURIA 
183 AVERY 
183 ANDERSON 
183 ASHLEY 
184 ALTRURIA 
184 AMBER 
184 ALDRICH 
184 ANDERSON 
184 AMHERST ST 
184 ALBANY 
184 ABBOTT 
184 ASHLAND 
185 ASHLEY 
185 ALDRICH 
185 ANDERSON 
185 ALLEN 
185 ADMIRAL 
185 AUBURN 
186 AUBURN 
186 ASHLAND 
186 AMBER 
186 ALLEN 
186 ADMIRAL 
186 ASHLEY 
187 ALTRURIA 
187 AMBER 
187 ANDERSON 
187 AUBURN 
188 ANDERSON 
188 ALTRURIA 
188 ALDRICH 
189 ALDRICH 
189 ALTRURIA 
189 AMBER 
189 ADMIRAL 
19 ARUNDEL 
19 ARTHUR 
19 ALBERT threw an exceptionundefined method `value=' for nil:NilClass
19 ARKANSAS 
19 ARBOUR 
19 ALAMO 
19 AA 
19 ACADEMY 
19 ARLINGTON 
19 ALLEGANY 
19 ARCHER 
19 AVONDALE 
19 AVON 
19 AMELIA 
19 ARSENAL 
19 ANTWERP 
19 ALLEN 
19 A ST 
19 AUDREY 
19 ARMIN 
19 AUGUSTA 
19 ASHTON 
19 AMSTERDAM 
19 ALMA 
19 AUCHINVOLE 
19 ANDOVER 
19 ADMIRAL 
19 ALLENHURST 
19 AVERY 
19 ALDEN 
19 ABBOTTSFORD 
19 ARGYLE 
190 ADMIRAL 
190 ASHLAND 
190 AMBER 
190 AUBURN 
191 AUBURN 
191 ANDERSON 
191 AMBER 
191 ALLEN 
191 ALDRICH 
191 ADMIRAL 
192 ALTRURIA 
193 ALABAMA 
193 ABBY 
193 ALTRURIA 
194 ALTRURIA 
194 ADMIRAL 
194 ASHLAND 
194 AUBURN 
194 AMBER 
194 ALDRICH 
195 ALDRICH 
195 ABBY 
195 ANDERSON 
195 AUBURN 
195 ALABAMA 
196 AUBURN 
196 ALBANY 
196 ANDERSON 
196 ALLEN 
196 AMBER 
197 AUBURN 
197 ALABAMA 
197 ALLEN 
197 AMBER 
197 ALTRURIA 
198 ALDRICH 
198 ASHLAND 
198 ALABAMA 
198 ANDERSON 
198 AMBER 
198 ALTRURIA 
198 ALLEN 
199 ANDERSON 
199 ALABAMA 
199 AMBER 
2 ARLINGTON 
2 AGASSIZ 
2 ARGYLE 
2 ALMA 
2 AVERY 
2 ANGLE 
2 ALLENHURST 
2 ARMBRUSTER 
2 ASHTON 
 OUTSIDE PLANT 
20 AUGUSTA 
20 AMBER 
20 ARCHER 
20 ALMONT 
20 ALLEN 
20 ANTWERP 
20 AVERY 
20 ALBERT 
20 AUCHINVOLE 
20 AMSTERDAM 
20 ANDERSON 
20 ARGYLE 
20 ARDEN 
20 ARKANSAS 
20 ALMA 
20 ANDOVER 
20 ADA 
20 AUBURN 
20 ARUNDEL 
20 ARGUS 
20 ADMIRAL 
20 ARDMORE 
20 ALWIN 
20 ACADEMY 
20 ABBOTT 
20 AVON 
20 ARMBRUSTER 
20 ARMIN 
20 AA 
20 ALDRICH 
20 ALSACE 
20 ALLEGANY 
200 ALBANY 
200 ANDERSON 
200 ASHLAND 
200 ABBOTT 
201 ADAMS 
201 AUBURN 
201 ANDERSON 
201 ALLEN 
202 AUBURN 
202 ANDERSON 
203 ADAMS 
203 ABBY 
203 AUBURN 
204 AUBURN 
204 ALDRICH 
204 AMBER 
204 ASHLAND 
204 ALLEN 
205 ALDRICH 
205 ADAMS 
205 ASHLAND 
206 AMBER 
206 ADAMS 
207 ALLEN 
207 ANDERSON 
207 AMHERST ST 
207 ADAMS 
207 AMBER 
208 AMBER 
208 ALDRICH 
208 AMHERST ST 
208 ANDERSON 
208 ASHLAND 
209 AMBER 
21 ALTRURIA 
21 AMBER 
21 ALDRICH 
21 ALLEGANY 
21 ATHOL 
21 AMELIA 
21 ANDREW 
21 ARMIN 
21 ARCHER 
21 ANDERSON 
21 ARDEN 
21 ARNOLD 
21 ALICE 
21 ABBOTTSFORD 
21 ALLENHURST 
21 AMSTERDAM 
21 ALMA 
21 ARGYLE 
21 ADA 
21 ASHTON 
21 ALSACE 
21 ASHLEY 
21 ANTWERP 
21 ACADEMY 
21 AVON 
21 ABBOTT 
21 ALAMO 
210 ASHLAND 
210 AMBER 
210 AUSTIN 
210 ALABAMA 
210 ABBOTT 
210 ANDERSON 
210 ALLEN 
211 ASHLAND 
211 ANDERSON 
211 AMBER 
211 ALABAMA 
212 ADAMS 
212 ABBOTT 
213 ADAMS 
214 ADAMS 
214 ASHLAND 
214 ALLEN 
214 ABBOTT 
215 ASHLAND 
215 ALLEN 
215 ADAMS 
215 ANDERSON 
215 AUBURN 
216 ASHLAND 
216 ABBOTT 
216 ANDERSON 
216 ADAMS 
217 ADAMS 
217 ASHLAND 
217 AUBURN 
218 ABBOTT 
218 ADAMS 
219 ASHLAND 
219 ALABAMA 
219 ANDERSON 
219 AUBURN 
22 ALMA 
22 AVERY 
22 ALLENHURST 
22 ALBEMARLE 
22 ALDEN 
22 ASHTON 
22 ARBOUR 
22 ANDERSON 
22 ADA 
22 ALBERT 
22 ARGUS 
22 ABBOTT 
22 ARCHER 
22 ANTWERP 
22 ACADEMY 
22 ARSENAL 
22 ASHLEY 
22 AMBER 
22 ALDRICH 
220 ADAMS 
220 ANDERSON 
220 AMHERST ST 
220 ALBANY 
220 ALLEN 
221 ASHLEY 
221 ABBY 
221 ANDERSON 
222 AMHERST ST 
222 ANDERSON 
222 ADAMS 
223 ASHLEY 
223 ABBY 
223 AUBURN 
223 AMHERST ST 
223 ALLEN 
223 ALABAMA 
224 ALLEN 
224 ASHLAND 
224 ANDERSON 
224 AMHERST ST 
225 AUBURN 
225 ADAMS 
225 ALLEN 
225 ALABAMA 
225 ABBOTT 
225 ANDERSON 
226 AUBURN 
226 ABBOTT 
226 ANDERSON 
226 ASHLAND 
226 ALLEN 
227 ASHLEY 
227 ABBOTT 
227 ABBY 
227 ANDERSON 
228 ALLEN 
228 ADAMS 
228 ALBANY 
228 AMHERST ST 
229 ALABAMA 
229 ANDERSON 
229 AUSTIN 
229 ABBY 
229 ABBOTT 
229 ASHLEY 
229 ALLEN 
23 AVON 
23 AMELIA 
23 ATHOL 
23 AVONDALE 
23 ADMIRAL 
23 ARKANSAS 
23 ALMA 
23 AUCHINVOLE 
23 AGASSIZ 
23 ANDOVER 
23 ANDREW 
23 ARCHER 
23 ALLEGANY 
23 ALLEN 
23 A ST 
23 ALDRICH 
23 ARBOUR 
23 AUSTIN 
23 APPENHEIMER 
23 ALBERT 
23 ALBEMARLE 
23 AVERY 
23 ADA 
23 ALWIN 
230 ASHLEY 
230 AUBURN 
230 ABBOTT 
230 ASHLAND 
230 ADAMS 
231 ALABAMA 
231 ABBOTT 
231 AUBURN 
231 ADAMS 
231 ANDERSON 
232 AUBURN 
232 ASHLAND 
232 ALABAMA 
232 ASHLEY 
232 ANDERSON 
232 ALLEN 
233 ABBY 
233 AUBURN 
233 ADAMS 
233 ANDERSON 
234 ASHLEY 
234 AUBURN 
234 ALABAMA 
234 ADAMS 
235 ALABAMA 
235 ALLEN 
235 ABBOTT 
235 AMHERST ST 
235 ASHLEY 
235 ADAMS 
236 ANDERSON 
236 ADAMS 
237 ABBY 
238 ALABAMA 
238 ALBANY 
238 ASHLEY 
238 ABBOTT 
238 AMHERST ST 
239 ANDERSON 
239 ALABAMA 
239 ADAMS 
239 AMHERST ST 
24 ARUNDEL 
24 AVERY 
24 ARGUS 
24 ADMIRAL 
24 ARDMORE 
24 ASHLAND 
24 ARLINGTON 
24 ARKANSAS 
24 ALMA 
24 ARDEN 
24 ANDOVER 
24 ANDERSON 
24 ANTWERP 
24 ALWIN 
24 AUDREY 
24 ALLEGANY 
24 ALTRURIA 
24 ARNOLD 
24 ARGYLE 
24 AMSTERDAM 
24 ALBERT 
24 AGASSIZ 
24 ARSENAL 
24 ALSACE 
240 ABBOTT 
240 AMHERST ST 
240 ANDERSON 
240 ADAMS 
241 AUBURN 
241 AMHERST ST 
241 ALABAMA 
241 ASHLEY 
241 ADAMS 
242 ADAMS 
242 ASHLEY 
242 ALABAMA 
242 ASHLAND 
242 ABBOTT 
244 ALLEN 
244 AUBURN 
245 ADAMS 
245 ALLEN 
245 ABBOTT 
246 ALABAMA 
246 ADAMS 
246 ASHLAND 
246 AMHERST ST 
246 ALLEN 
247 AMHERST ST 
247 AUBURN 
247 ADAMS 
248 ALLEN 
248 AUBURN 
248 ASHLAND 
248 AMHERST ST 
248 ADAMS 
249 ALLEN 
249 AUBURN 
249 AMHERST ST 
249 ABBY 
25 AMELIA 
25 ALAMO 
25 ASHTON 
25 A ST 
25 ALWIN 
25 ACADEMY 
25 AVON 
25 AMBER 
25 ALLEGANY 
25 ALSACE 
25 ALDEN 
25 ARKANSAS 
25 ANDOVER 
25 AUCHINVOLE 
25 AMSTERDAM 
25 ALICE 
25 ADA 
25 ARNOLD 
25 ARUNDEL 
25 ALBERT 
25 ARTHUR 
25 ANTWERP 
25 AUDREY 
25 ARCHER 
25 ARMIN 
25 ALTRURIA 
250 AUBURN 
250 ASHLEY 
251 ADAMS 
251 AUBURN 
251 ASHLEY 
252 ADAMS 
252 ALLEN 
253 ALLEN 
253 ADAMS 
253 ASHLEY 
254 ASHLEY 
254 ABBOTT 
254 ADAMS 
254 AMHERST ST 
254 ASHLAND 
254 AUBURN 
255 ASHLAND 
255 ABBOTT 
255 ASHLEY 
256 AUBURN 
256 ASHLEY 
256 ALLEN 
256 ASHLAND 
257 ASHLEY 
257 ADAMS 
258 ADAMS 
258 ABBOTT 
258 ASHLAND 
258 AUBURN 
259 AMHERST ST 
259 ASHLEY 
259 ADAMS 
259 ABBY 
259 AUBURN 
259 ASHLAND 
26 ALICE 
26 ARKANSAS 
26 ANDOVER 
26 ARDEN 
26 AGASSIZ 
26 ARTHUR 
26 ARGUS 
26 ALBERT 
26 ALBEMARLE 
26 ALAMO 
26 ALLEGANY 
26 ARCHER 
26 ASHTON 
26 AMBER 
26 ARSENAL 
26 ADA 
26 ACADEMY 
26 ABBOTT 
26 ABBOTTSFORD 
26 ADMIRAL 
26 ALLEN 
260 ALLEN 
260 ASHLAND 
260 ASHLEY 
260 ADAMS 
261 ADAMS 
261 ASHLAND 
262 ASHLAND 
262 ASHLEY 
262 ABBOTT 
263 ABBY 
263 ASHLEY 
263 ASHLAND 
263 AMHERST ST 
263 ADAMS 
264 AMHERST EAST 
264 ADAMS 
265 ASHLEY 
265 ABBY 
266 ASHLAND 
266 ADAMS 
266 ASHLEY 
267 ASHLEY 
267 AUSTIN 
268 AMHERST ST 
268 ASHLEY 
269 ASHLEY 
269 AMHERST ST 
269 AUSTIN 
269 ABBOTT 
27 ATHOL 
27 AVON 
27 AVONDALE 
27 ALWIN 
27 ALTRURIA 
27 ASHTON 
27 ALDRICH 
27 ARUNDEL 
27 ADMIRAL 
27 AVERY 
27 ALBERT 
27 ALBEMARLE 
27 ANDERSON 
27 ADA 
27 A ST 
27 AMSTERDAM 
27 ARNOLD 
27 AMELIA 
27 ARCHER 
27 ALAMO 
27 ALLEGANY 
27 ANTWERP 
27 ASHLAND 
27 ARBOUR 
27 ALLENHURST 
27 ARTHUR 
27 ARGYLE 
27 ALMA 
27 ARKANSAS 
27 ARDEN 
270 AMHERST EAST 
270 ABBOTT 
271 AUSTIN 
271 AMHERST EAST 
272 AUSTIN 
273 AUSTIN 
273 AMHERST ST 
274 AMHERST EAST 
274 ABBOTT 
274 AUSTIN 
275 ABBOTT 
276 AUSTIN 
277 AUSTIN 
277 AMHERST ST 
277 ALABAMA 
28 ALWIN 
28 AVONDALE 
28 ARBOUR 
28 ALDRICH 
28 ALLEGANY 
28 ALTRURIA 
28 ARUNDEL 
28 ARDMORE 
28 ALMA 
28 ALICE 
28 ARKANSAS 
28 ARNOLD 
28 ALAMO 
28 ASHLAND 
28 ALSACE 
28 ABBOTTSFORD 
28 ALLENHURST 
28 AVERY 
28 AMSTERDAM 
28 ADA 
280 AMHERST EAST 
280 AUSTIN 
281 AMHERST ST 
281 ABBY 
281 ABBOTT 
282 AUSTIN 
282 AMHERST ST 
283 ABBOTT 
284 AUSTIN 
284 ASHLAND 
285 ASHLAND 
285 AMHERST ST 
285 ABBY 
285 AUSTIN 
285 AUBURN 
286 ASHLAND 
287 AMHERST ST 
287 AUSTIN 
288 AUSTIN 
288 ABBOTT 
289 AMHERST ST 
289 AUSTIN 
289 AUBURN 
289 ABBY 
289 ABBOTT 
29 ARCHER 
29 ARMIN 
29 AMELIA 
29 ACADEMY 
29 ALSACE 
29 AMBER 
29 ALLEGANY 
29 AUCHINVOLE 
29 ARDEN 
29 ADA 
29 ARKANSAS 
29 ARDMORE 
29 ALLENHURST 
29 ARTHUR 
29 ALDEN 
29 AVERY 
29 ALICE 
29 ALMA 
29 ANDOVER 
29 ASHLAND 
29 A ST 
29 ALDRICH 
290 ABBOTT 
290 ASHLAND 
291 ASHLAND 
292 ASHLAND 
292 AUBURN 
293 AMHERST ST 
293 ABBY 
293 ABBOTT 
294 AUSTIN 
294 ASHLAND 
295 AMHERST ST 
295 ABBOTT 
295 AUBURN 
296 ASHLAND 
297 ABBY 
297 AMHERST ST 
298 ASHLAND 
298 AUSTIN 
299 AMHERST EAST 
299 ABBOTT 
299 AUBURN 
299 ADAMS 
3 AVERY 
3 ARMBRUSTER 
3 AA 
3 ALLENHURST 
30 ADMIRAL 
30 ABBOTTSFORD 
30 ARDMORE 
30 ANDERSON 
30 ARNOLD 
30 ARKANSAS 
30 AUCHINVOLE 
30 ANDOVER 
30 ALMA 
30 ALLEGANY 
30 AMBER 
30 ARLINGTON 
30 AVERY 
30 ALBEMARLE 
30 AMHERST EAST 
30 ARDEN 
30 ADA 
30 ASHLEY 
30 ACADEMY 
30 ASHLAND 
30 AA 
30 ASHTON 
300 ADAMS 
300 AMHERST EAST 
300 AUSTIN 
300 AMHERST ST 
301 ADAMS 
302 AUBURN 
302 AMHERST ST 
302 AMHERST EAST 
302 ABBY 
303 ABBOTT 
304 AMHERST EAST 
304 AMHERST ST 
305 AUBURN 
306 ABBOTT 
307 ADAMS 
307 AUBURN 
308 AUBURN 
308 AMHERST ST 
308 ABBY 
308 ADAMS 
309 AMHERST ST 
309 AUSTIN 
309 AUBURN 
31 AUCHINVOLE 
31 ALICE 
31 ARNOLD 
31 ARKANSAS 
31 ADMIRAL 
31 ALDEN 
31 ALBEMARLE 
31 ALBERT 
31 AVON 
31 ALWIN 
31 ANTWERP 
31 ABBOTTSFORD 
31 AVERY 
31 ARTHUR 
31 ARUNDEL 
31 AMSTERDAM 
31 ATLANTIC 
31 ADA 
31 ASHLEY 
31 ASHLAND 
31 ATHOL 
31 ABBOTT 
31 ALAMO 
31 AMELIA 
310 ADAMS 
310 ABBY 
310 AUBURN 
311 AUBURN 
311 ABBOTT 
311 ABBY 
311 ADAMS 
312 ABBY 
313 ABBOTT 
313 AMHERST ST 
313 ADAMS 
313 ABBY 
313 AUBURN 
314 AUSTIN 
314 ABBOTT 
314 AUBURN 
314 ADAMS 
315 ABBY 
315 AUBURN 
316 AMHERST ST 
316 AUSTIN 
317 ABBOTT 
317 ABBY 
317 AMHERST EAST 
317 ADAMS 
318 ASHLAND 
318 ADAMS 
318 AUSTIN 
318 AUBURN 
319 ABBY 
319 ABBOTT 
32 ABBOTT 
32 AVONDALE 
32 ARCHER 
32 ALWIN 
32 ALDRICH 
32 ANDOVER 
32 ALICE 
32 ADA 
32 APPENHEIMER 
32 ALBERT 
32 ARLINGTON 
32 ARKANSAS 
32 ARNOLD 
32 ARGYLE 
32 ALMA 
32 AVERY 
32 ADMIRAL 
32 ARUNDEL 
32 ALAMO 
32 ANTWERP 
32 ALSACE 
320 AUSTIN 
320 AMHERST ST 
321 AMHERST ST 
321 AUBURN 
321 ADAMS 
322 ADAMS 
322 AUBURN 
322 AMHERST ST 
322 ASHLAND 
323 ADAMS 
323 ABBY 
323 ABBOTT 
324 ABBOTT 
324 AUSTIN 
324 AUBURN 
325 ABBOTT 
325 AUBURN 
325 ADAMS 
326 AUBURN 
326 ASHLAND 
326 AMHERST ST 
327 AUBURN 
327 ABBY 
328 ADAMS 
328 ABBOTT 
328 AUSTIN 
329 AUSTIN 
329 ABBY 
329 ADAMS 
33 ALLEN 
33 ATHOL 
33 ALSACE 
33 ADA 
33 ALLENHURST 
33 ALBERT 
33 ARGUS 
33 ALDEN 
33 ARDMORE 
33 ARGYLE 
33 ARNOLD 
33 ALMA 
33 ARDEN 
33 ANDOVER 
33 ALAMO 
33 AVON 
33 ARCHER 
33 AVONDALE 
33 ARMIN 
33 AMELIA 
33 ACADEMY 
33 ASHTON 
33 AMBER 
33 ALTRURIA 
33 ALDRICH 
33 ARBOUR 
330 AUBURN 
330 AMHERST ST 
330 AUSTIN 
330 ASHLAND 
331 AUBURN 
331 ADAMS 
332 ABBOTT 
332 AUBURN 
332 ASHLAND 
332 ADAMS 
333 AUBURN 
333 ASHLAND 
333 AMHERST ST 
334 ABBOTT 
334 ASHLAND 
334 ADAMS 
335 ABBOTT 
335 AUSTIN 
337 ADAMS 
338 ABBOTT 
338 AUBURN 
339 AUSTIN 
34 ARDMORE 
34 AUCHINVOLE 
34 ANDOVER 
34 ASHLAND 
34 ADA 
34 ABBOTT 
34 ALABAMA 
34 ALAMO 
34 ALTRURIA 
34 AMBER 
34 ATHOL 
34 ACADEMY 
34 ARBOUR 
34 ASHTON 
34 ABBOTTSFORD 
34 ALBERT 
34 AMSTERDAM 
340 AMHERST ST 
341 AUSTIN 
341 ABBY 
342 AMHERST ST 
342 ADAMS 
343 ABBY 
343 ABBOTT 
343 AUSTIN 
343 ADAMS 
344 ADAMS 
344 ASHLAND 
345 AUSTIN 
346 AMHERST ST 
346 ABBOTT 
347 ABBOTT 
347 AUBURN 
347 ABBY 
348 ADAMS 
348 ASHLAND 
348 AUBURN 
348 AUSTIN 
349 AUBURN 
349 ASHLAND 
35 ADA 
35 ATLANTIC 
35 ARNOLD 
35 ALICE 
35 AVERY 
35 A ST 
35 ARCHER 
35 ALABAMA 
35 ARMIN 
35 AMBER 
35 ALDRICH 
35 AUCHINVOLE 
35 AMSTERDAM 
35 ANDOVER 
35 ALDEN 
35 ALBEMARLE 
35 ARDMORE 
35 ABBOTTSFORD 
35 ADMIRAL 
35 ARUNDEL 
35 ASHTON 
35 ASHLEY 
35 ALLEGANY 
35 ANTWERP 
35 ASHLAND 
350 ASHLAND 
350 ADAMS 
350 AUSTIN 
351 AUBURN 
351 ABBOTT 
351 ASHLAND 
351 ADAMS 
352 ADAMS 
352 ASHLAND 
352 AMHERST ST 
352 ABBOTT 
352 AUBURN 
352 AUSTIN 
353 AUBURN 
353 ASHLAND 
353 ABBY 
354 ABBOTT 
354 ASHLAND 
355 ASHLAND 
355 AUBURN 
355 ABBOTT 
355 ADAMS 
356 AUBURN 
356 AMHERST ST 
356 ADAMS 
357 ASHLAND 
357 ADAMS 
358 AMHERST ST 
359 AUBURN 
359 ABBY 
36 ALABAMA 
36 ASHLEY 
36 ALSACE 
36 ALDRICH 
36 ALICE 
36 ARDEN 
36 AUCHINVOLE 
36 ABBOTTSFORD 
36 ARUNDEL 
36 ARGUS 
36 AVERY 
36 ADA 
36 ARLINGTON 
36 ACADEMY 
36 ANTWERP 
36 ABBOTT 
36 ARCHER 
36 AVONDALE 
36 ASHTON 
36 AMBER 
360 AUBURN 
360 AMHERST ST 
360 ASHLAND 
360 ABBOTT 
361 ABBOTT 
361 ADAMS 
362 ASHLAND 
363 AUBURN 
364 AUBURN 
364 AMHERST ST 
364 ABBOTT 
365 ABBY 
365 AUBURN 
365 AMHERST ST 
365 ABBOTT 
366 ASHLAND 
366 AMHERST ST 
368 AUBURN 
368 ABBOTT 
369 AMHERST ST 
369 ABBOTT 
37 ALAMO 
37 AVONDALE 
37 ANTWERP 
37 ACADEMY 
37 ALLEN 
37 ARBOUR 
37 ATHOL 
37 ALSACE 
37 ALLEGANY 
37 AUCHINVOLE 
37 ALMA 
37 ALICE 
37 ARDEN 
37 ADA 
37 ARUNDEL 
37 ABBOTTSFORD 
37 ARDMORE 
37 ALDEN 
37 AVERY 
37 ARGUS 
37 ALBERT 
37 AMSTERDAM 
37 AVON 
37 ALTRURIA 
370 AMHERST ST 
373 AMHERST ST 
373 ABBOTT 
375 AUBURN 
377 ABBOTT 
378 ABBOTT 
379 AUBURN 
38 AUCHINVOLE 
38 ARDEN 
38 AVERY 
38 ARGUS 
38 ALBERT 
38 ALBEMARLE 
38 ALDEN 
38 ASHTON 
38 ALAMO 
38 ARMIN 
38 ARCHER 
38 ALABAMA 
38 ASHLEY 
38 ALTRURIA 
38 ATHOL 
38 ARBOUR 
38 ALDRICH 
38 ABBOTTSFORD 
38 ARDMORE 
38 ADA 
38 ALEXANDER 
38 ANDERSON 
38 ALICE 
38 ANDOVER 
38 ARGYLE 
38 ALMA 
380 AUBURN 
381 ABBOTT 
382 ABBOTT 
383 AUBURN 
385 AUBURN 
386 ABBOTT 
386 AMHERST ST 
387 AUBURN 
388 ABBOTT 
388 AMHERST ST 
389 ABBOTT 
39 ATHOL 
39 ALABAMA 
39 A ST 
39 ACADEMY 
39 AMBER 
39 ASHTON 
39 ARDEN 
39 ANDOVER 
39 ASHLAND 
39 ARDMORE 
39 ADMIRAL 
39 ALBEMARLE 
39 ARGUS 
39 ALBERT 
39 ALLENHURST 
39 ARNOLD 
39 ADA 
39 ARGYLE 
39 ALMA 
39 ARCHER 
39 ASHLEY 
39 ALDRICH 
390 AMHERST ST 
391 AMHERST ST 
392 ABBOTT 
392 AMHERST ST 
392 ADAMS 
393 ABBOTT 
394 AMHERST ST 
395 AMHERST ST 
396 AMHERST ST 
396 ABBOTT 
396 ADAMS 
397 ABBOTT 
397 ADAMS 
397 AMHERST ST 
398 ADAMS 
399 ADAMS 
399 AMHERST ST 
4 AVERY 
4 ALMA 
4 ABBOTT 
40 ALAMO 
40 ALABAMA 
40 ARMIN 
40 ALLEGANY 
40 ASHLEY 
40 AMBER 
40 ALMA 
40 AGASSIZ 
40 ARDEN 
40 ARNOLD 
40 ASHLAND 
40 ADMIRAL 
40 APPENHEIMER 
40 AMSTERDAM 
40 ADA 
40 ACADEMY 
40 ATHOL 
40 ALSACE 
40 AVONDALE 
400 ABBOTT 
400 AMHERST ST 
401 AMHERST EAST 
401 ADAMS 
401 ABBOTT 
401 AMHERST ST 
402 ADAMS 
402 AMHERST ST 
404 AMHERST ST 
404 ADAMS 
405 ABBOTT 
405 AMHERST ST 
406 ADAMS 
407 ADAMS 
407 ASHLAND 
408 AMHERST ST 
408 ADAMS 
408 ASHLAND 
409 AMHERST EAST 
409 ABBOTT 
409 ADAMS 
409 ASHLAND 
41 ADA 
41 ARNOLD 
41 ARKANSAS 
41 AMSTERDAM 
41 ALICE 
41 ALMA 
41 ANDOVER 
41 ALBERT 
41 ARUNDEL 
41 AVERY 
41 A ST 
41 ALAMO 
41 ARCHER 
41 ARMIN 
41 ALLEGANY 
41 ATHOL 
41 ALSACE 
41 ASHLEY 
41 ANTWERP 
41 ALDRICH 
41 AVONDALE 
41 ALABAMA 
41 AUSTIN 
41 ABBOTTSFORD 
410 ASHLAND 
410 ABBOTT 
411 ADAMS 
411 ASHLAND 
411 AMHERST ST 
412 ADAMS 
412 AUBURN 
412 ASHLAND 
413 ADAMS 
414 AMHERST EAST 
414 AUBURN 
414 AMHERST ST 
414 ADAMS 
415 AMHERST ST 
415 AMHERST EAST 
415 ASHLAND 
416 ASHLAND 
416 AUBURN 
416 ABBOTT 
417 ADAMS 
417 AMHERST EAST 
417 AMHERST ST 
417 AUBURN 
417 ABBOTT 
418 ADAMS 
418 AUBURN 
419 AUBURN 
419 ADAMS 
419 ASHLAND 
42 ALEXANDER 
42 ADA 
42 ALMA 
42 ARNOLD 
42 ANDOVER 
42 ALDEN 
42 ARGUS 
42 ASHLAND 
42 ARCHER 
42 ARKANSAS 
42 ALICE 
42 ARGYLE 
42 ABBOTTSFORD 
42 ARDMORE 
42 AVERY 
42 ASHLEY 
42 ASHTON 
42 ALDRICH 
420 ADAMS 
420 ASHLAND 
421 ASHLAND 
421 ABBOTT 
421 ADAMS 
421 AUBURN 
422 AUBURN 
423 ADAMS 
423 ASHLAND 
424 ASHLAND 
424 AMHERST EAST 
425 ADAMS 
425 AUBURN 
425 ABBOTT 
426 ADAMS 
426 ABBOTT 
426 AMHERST ST 
427 ASHLAND 
428 ASHLAND 
428 AUBURN 
428 AMHERST EAST 
428 ADAMS 
429 ADAMS 
429 ABBOTT 
429 AUBURN 
43 AUCHINVOLE 
43 ARGYLE 
43 ARKANSAS 
43 ALBEMARLE 
43 ADMIRAL 
43 ALSACE 
43 ALAMO 
43 ALTRURIA 
43 ASHTON 
43 A ST 
43 ASHLAND 
43 ANTWERP 
43 ACADEMY 
43 ARMIN 
43 ALDRICH 
43 ARBOUR 
43 ALABAMA 
43 AVON 
43 AMBER 
43 ABBOTTSFORD 
43 AVERY 
43 ARGUS 
43 ARDEN 
43 ADA 
43 ATLANTIC 
431 ABBOTT 
431 ADAMS 
431 AUBURN 
432 ASHLAND 
432 ADAMS 
432 ABBOTT 
434 ADAMS 
434 ASHLAND 
434 AMHERST ST 
435 ABBOTT 
436 AMHERST ST 
436 ASHLAND 
438 ADAMS 
438 AMHERST EAST 
439 AMHERST EAST 
439 ADAMS 
44 ACADEMY 
44 ALAMO 
44 ATHOL 
44 ALSACE 
44 ALLENHURST 
44 ARUNDEL 
44 AVERY 
44 ALBEMARLE 
44 ADA 
44 ARNOLD 
44 ARKANSAS 
44 AMSTERDAM 
44 ALLEN 
44 ARMIN 
44 AVONDALE 
44 AMBER 
44 ALTRURIA 
44 ARBOUR 
44 ALDRICH 
44 ASHTON 
44 ARDEN 
44 AGASSIZ 
44 ALMA 
44 ALBERT 
44 ARDMORE 
440 AMHERST EAST 
440 AMHERST ST 
440 ADAMS 
441 ADAMS 
442 ADAMS 
442 AUBURN 
443 AUBURN 
443 AMHERST EAST 
444 ADAMS 
445 ADAMS 
445 ABBOTT 
445 AMHERST EAST 
445 AUBURN 
445 ASHLAND 
446 ASHLAND 
446 AMHERST EAST 
446 AUBURN 
447 AUBURN 
447 AMHERST ST 
447 ADAMS 
448 AMHERST EAST 
448 AMHERST ST 
448 ADAMS 
449 AMHERST EAST 
449 AUBURN 
449 ASHLAND 
449 ADAMS 
449 ABBOTT 
45 ASHLEY 
45 A ST 
45 ALLEN 
45 ALLEGANY 
45 AMBER 
45 ATLANTIC 
45 ALICE 
45 AMSTERDAM 
45 ARGUS 
45 ALBERT 
45 AVERY 
45 ARUNDEL 
45 ALMA 
45 ANDOVER 
45 ARNOLD 
45 ADA 
45 AMHERST EAST 
45 ALDEN 
45 ACADEMY 
45 AVONDALE 
450 AUBURN 
450 ASHLAND 
450 ADAMS 
451 ASHLAND 
451 ADAMS 
452 AUBURN 
452 AMHERST EAST 
452 ADAMS 
453 AMHERST EAST 
453 ABBOTT 
453 AMHERST ST 
453 AUBURN 
454 ASHLAND 
454 ADAMS 
455 ADAMS 
455 ABBOTT 
456 AUBURN 
456 ASHLAND 
456 AMHERST EAST 
456 ADAMS 
457 ADAMS 
457 AUBURN 
457 AMHERST EAST 
457 ABBOTT 
458 AMHERST ST 
458 AUBURN 
459 AUBURN 
459 ASHLAND 
459 AMHERST ST 
459 ADAMS 
46 ALLEGANY 
46 ASHTON 
46 ABBOTTSFORD 
46 AVERY 
46 ARGUS 
46 ALBERT 
46 ATLANTIC 
46 ARNOLD 
46 AMSTERDAM 
46 ANDOVER 
46 ALICE 
46 ADA 
46 ASHLAND 
46 ARDMORE 
46 ADMIRAL 
46 ANGLE 
46 ALEXANDER 
46 ALLEN 
46 ASHLEY 
46 ALAMO 
460 AMHERST EAST 
460 ASHLAND 
460 ADAMS 
461 AMHERST ST 
461 ASHLAND 
462 ASHLAND 
462 AMHERST EAST 
462 AUBURN 
463 AUBURN 
463 ASHLAND 
463 AMHERST ST 
464 AMHERST ST 
464 AUBURN 
465 ADAMS 
465 ASHLAND 
466 AMHERST ST 
466 ASHLAND 
466 AMHERST EAST 
467 AMHERST EAST 
468 AMHERST ST 
468 ASHLAND 
468 ABBOTT 
469 ADAMS 
469 ABBOTT 
47 ALTRURIA 
47 ASHTON 
47 ADMIRAL 
47 AVERY 
47 ALBEMARLE 
47 AMSTERDAM 
47 ANDOVER 
47 ARMIN 
47 ARBOUR 
47 ALDRICH 
47 ALICE 
47 ARDEN 
47 ARGYLE 
47 ALLENHURST 
47 ALBERT 
47 AMHERST EAST 
47 ABBOTTSFORD 
47 ARDMORE 
470 AMHERST EAST 
471 AMHERST EAST 
471 AMHERST ST 
471 ASHLAND 
472 AMHERST EAST 
472 AMHERST ST 
472 AUBURN 
472 ASHLAND 
473 AMHERST EAST 
473 ABBOTT 
473 ADAMS 
475 ASHLAND 
476 ASHLAND 
476 AMHERST EAST 
476 AUBURN 
477 AMHERST EAST 
477 ASHLAND 
478 AUBURN 
479 ABBOTT 
479 AUBURN 
479 AMHERST ST 
479 ADAMS 
48 ASHLEY 
48 ALAMO 
48 AVONDALE 
48 ARCHER 
48 ARBOUR 
48 ALDRICH 
48 ARGYLE 
48 AVERY 
48 ARTHUR 
48 ALICE 
48 ALMA 
48 AMSTERDAM 
48 ANDERSON 
48 ADA 
48 ARMIN 
48 ABBOTT 
48 ACADEMY 
48 AMBER 
48 ALTRURIA 
48 ALSACE 
48 ARKANSAS 
48 ARNOLD 
48 ARDEN 
48 ATLANTIC 
48 ALBERT 
48 ALBEMARLE 
48 ALLENHURST 
480 ABBOTT 
480 ASHLAND 
480 AMHERST EAST 
480 ADAMS 
481 ADAMS 
481 AUBURN 
481 ABBOTT 
481 ASHLAND 
481 AMHERST EAST 
482 AMHERST EAST 
482 ASHLAND 
483 AMHERST ST 
483 AUBURN 
484 AUBURN 
484 AMHERST ST 
484 ABBOTT 
485 ASHLAND 
485 AUBURN 
485 ADAMS 
486 ASHLAND 
486 AUBURN 
486 AMHERST EAST 
486 ADAMS 
487 ADAMS 
487 ASHLAND 
487 AMHERST EAST 
489 ADAMS 
489 AUBURN 
49 ASHLAND 
49 ALEXANDER 
49 ARGUS 
49 ACADEMY 
49 ALLEGANY 
49 ARMIN 
49 ALSACE 
49 ALDRICH 
49 AMBER 
49 ALMA 
49 ARNOLD 
49 ARKANSAS 
49 ADA 
49 ABBOTTSFORD 
49 ARDMORE 
49 ARUNDEL 
490 ASHLAND 
490 AMHERST EAST 
491 ASHLAND 
491 ADAMS 
491 AMHERST ST 
492 AMHERST ST 
492 ADAMS 
493 AMHERST ST 
494 ASHLAND 
494 AMHERST EAST 
495 ASHLAND 
495 AMHERST ST 
495 AMHERST EAST 
496 ADAMS 
496 AMHERST EAST 
497 AMHERST ST 
498 ASHLAND 
499 ASHLAND 
499 AMHERST EAST 
499 ABBOTT 
5 ASHTON 
5 AA 
5 ARNOLD 
5 ALICE 
5 AVERY 
50 ARTHUR 
50 ARGUS 
50 ABBOTTSFORD 
50 ADMIRAL 
50 ARGYLE 
50 ARDMORE 
50 ANDERSON 
50 AMSTERDAM 
50 ANDOVER 
50 ALLEN 
50 ASHLAND 
50 AGASSIZ 
50 ARKANSAS 
50 ARNOLD 
50 ADA 
50 AUSTIN 
50 ALLENHURST 
50 ALBERT 
50 ASHTON 
50 ARMIN 
50 ALDRICH 
50 AMBER 
50 ABBOTT 
50 ACADEMY 
500 ABBOTT 
500 AMHERST EAST 
500 ASHLAND 
500 AMHERST ST 
501 AMHERST ST 
502 ABBOTT 
503 AMHERST EAST 
504 AMHERST EAST 
504 AMHERST ST 
505 ASHLAND 
505 AMHERST EAST 
506 ABBOTT 
507 ASHLAND 
508 AMHERST EAST 
509 AMHERST EAST 
51 ALICE 
51 ALMA 
51 ARDEN 
51 ALEXANDER 
51 ADMIRAL 
51 ABBOTTSFORD 
51 ALLEGANY 
51 ALAMO 
51 ASHLEY 
51 ALDRICH 
51 ALBERT 
51 ALBEMARLE 
51 AVERY 
51 ALDEN 
51 ARKANSAS 
51 AMSTERDAM 
51 ARGYLE 
51 ANDOVER 
51 ALSACE 
51 AVONDALE 
51 ASH 
51 ASHTON 
51 ARMIN 
511 AMHERST EAST 
512 AMHERST EAST 
512 ASHLAND 
514 AMHERST EAST 
514 ASHLAND 
515 ASHLAND 
515 ABBOTT 
516 ADAMS 
516 ASHLAND 
516 AMHERST ST 
516 ABBOTT 
517 ADAMS 
518 ABBOTT 
518 AMHERST EAST 
519 ASHLAND 
519 ADAMS 
52 ASHLEY 
52 AVONDALE 
52 ALAMO 
52 ARKANSAS 
52 ALICE 
52 AMSTERDAM 
52 ANDOVER 
52 ALMA 
52 ABBOTTSFORD 
52 AMHERST ST 
52 ARDMORE 
52 ALDEN 
52 ARGUS 
52 ARLINGTON 
52 ALLEGANY 
52 ALSACE 
52 ARUNDEL 
52 ARTHUR 
52 AVERY 
52 ALBEMARLE 
52 ARDEN 
52 ARNOLD 
520 AMHERST ST 
520 ADAMS 
521 ADAMS 
521 ASHLAND 
522 AMHERST ST 
522 ADAMS 
522 AMHERST EAST 
522 ASHLAND 
523 ADAMS 
524 ADAMS 
524 ASHLAND 
524 ABBOTT 
525 ADAMS 
525 ASHLAND 
525 AUBURN 
525 AMHERST EAST 
526 AUBURN 
526 ADAMS 
526 AMHERST EAST 
526 AMHERST ST 
527 AMHERST EAST 
527 ABBOTT 
527 AUBURN 
528 ASHLAND 
528 AMHERST EAST 
528 AMHERST ST 
529 ADAMS 
53 ALABAMA 
53 ALMA 
53 AUCHINVOLE 
53 ABBOTTSFORD 
53 ALLENHURST 
53 ARDMORE 
53 AMSTERDAM 
53 ARKANSAS 
53 ADA 
53 ALLEGANY 
53 AMBER 
53 ARMIN 
53 ACADEMY 
53 A ST 
53 ARBOUR 
53 ASHTON 
53 ALTRURIA 
530 ADAMS 
530 ASHLAND 
530 AUBURN 
531 AMHERST EAST 
531 ADAMS 
532 ABBOTT 
532 AUBURN 
532 AMHERST EAST 
532 ADAMS 
533 ADAMS 
533 ASHLAND 
533 AUBURN 
533 AMHERST ST 
534 ABBOTT 
535 ASHLAND 
535 AUBURN 
535 AMHERST EAST 
536 AUBURN 
536 ASHLAND 
536 AMHERST EAST 
536 ADAMS 
537 ASHLAND 
538 AMHERST EAST 
538 ADAMS 
539 ASHLAND 
539 AMHERST EAST 
539 ADAMS 
54 ASHLAND 
54 AMBER 
54 ALDRICH 
54 ANDERSON 
54 ARDMORE 
54 ALBERT 
54 ACADEMY 
54 ALTRURIA 
54 ARMIN 
54 ASHTON 
54 ARBOUR 
54 ALAMO 
54 ARKANSAS 
54 ALLENHURST 
54 ADMIRAL 
54 ALBEMARLE 
54 ARGUS 
54 AGASSIZ 
540 ASHLAND 
540 ADAMS 
540 AMHERST ST 
540 ABBOTT 
541 ADAMS 
542 AMHERST EAST 
542 ABBOTT 
543 AMHERST EAST 
543 ASHLAND 
544 ABBOTT 
544 ADAMS 
544 AMHERST ST 
544 ASHLAND 
546 ABBOTT 
546 ASHLAND 
547 ASHLAND 
547 ADAMS 
548 ADAMS 
548 ABBOTT 
549 ADAMS 
55 A ST 
55 AUCHINVOLE 
55 ARGYLE 
55 ANDOVER 
55 ARDEN 
55 ALBERT 
55 ALBEMARLE 
55 AVERY 
55 ARTHUR 
55 ALDEN 
55 ADMIRAL 
55 ABBOTTSFORD 
55 ALLEGANY 
55 ALDRICH 
55 ASHLAND 
55 AVONDALE 
55 ALICE 
55 ARDMORE 
55 ARUNDEL 
550 ADAMS 
550 AMHERST ST 
552 AMHERST ST 
552 AMHERST EAST 
553 AMHERST EAST 
555 AMHERST EAST 
556 AMHERST ST 
556 AMHERST EAST 
558 AMHERST EAST 
558 ADAMS 
558 AMHERST ST 
559 AMHERST EAST 
559 ADAMS 
56 ALLEN 
56 ARMIN 
56 ASHTON 
56 ALDRICH 
56 ARDMORE 
56 ALDEN 
56 AVERY 
56 ALICE 
56 ALBERT 
56 ARDEN 
56 ARKANSAS 
56 ANDOVER 
56 ANDERSON 
56 ARLINGTON 
56 ALSACE 
560 ADAMS 
560 AUBURN 
560 AMHERST ST 
561 AMHERST EAST 
561 ADAMS 
562 ADAMS 
562 AUBURN 
562 AMHERST EAST 
563 ADAMS 
565 AMHERST EAST 
565 AUBURN 
565 ABBOTT 
566 ADAMS 
566 AUBURN 
566 AMHERST EAST 
566 AMHERST ST 
567 ADAMS 
567 AUBURN 
568 AUBURN 
568 ADAMS 
568 AMHERST ST 
569 AUBURN 
569 AMHERST EAST 
57 AVERY 
57 ALBEMARLE 
57 ARGUS 
57 ABBOTTSFORD 
57 AMSTERDAM 
57 ANDOVER 
57 ALMA 
57 ADAMS 
57 ALTRURIA 
57 ALSACE 
57 ALBERT 
57 AMHERST ST 
57 ANGLE 
57 ALICE 
57 ACADEMY 
57 ASHTON 
57 AMBER 
570 ADAMS 
570 AMHERST EAST 
572 AMHERST ST 
572 ADAMS 
572 AUBURN 
573 AUBURN 
573 AMHERST EAST 
574 ADAMS 
574 AMHERST EAST 
575 AUBURN 
576 AMHERST EAST 
578 ADAMS 
579 ADAMS 
579 AMHERST EAST 
58 ALICE 
58 ARDMORE 
58 ALBEMARLE 
58 ACADEMY 
58 ARLINGTON 
58 ALLEGANY 
58 AVONDALE 
58 ASHTON 
58 ALDRICH 
58 AMBER 
58 ALTRURIA 
58 ARKANSAS 
58 ALMA 
58 ALBERT 
58 ARGUS 
58 AVERY 
580 ADAMS 
580 AMHERST EAST 
580 AMHERST ST 
580 AUBURN 
581 ADAMS 
581 AMHERST EAST 
582 AMHERST ST 
584 AMHERST ST 
584 AMHERST EAST 
585 ADAMS 
585 AMHERST EAST 
586 AMHERST ST 
586 ASHLAND 
587 AMHERST EAST 
587 ASHLAND 
588 AMHERST ST 
588 AMHERST EAST 
588 ADAMS 
59 AVONDALE 
59 ARMIN 
59 ALDRICH 
59 ARBOUR 
59 ASHTON 
59 ALEXANDER 
59 ANDERSON 
59 ARDMORE 
59 AMHERST ST 
59 ARGYLE 
59 AVERY 
59 ADMIRAL 
59 ALLENHURST 
59 ARDEN 
59 A ST 
59 ASHLAND 
59 ALLEGANY 
590 ASHLAND 
590 AMHERST ST 
590 AMHERST EAST 
590 ADAMS 
591 AMHERST EAST 
591 ASHLAND 
592 AMHERST ST 
592 ADAMS 
593 AMHERST EAST 
594 AMHERST EAST 
595 ASHLAND 
595 ADAMS 
597 AMHERST EAST 
598 ASHLAND 
598 AMHERST EAST 
599 AMHERST EAST 
599 ASHLAND 
6 ADMIRAL 
6 ASHTON 
6 AVERY 
6 ALBION 
6 ARLINGTON 
60 ARLINGTON 
60 ASHLAND 
60 ASHLEY 
60 AVON 
60 ARMIN 
60 AVERY 
60 ARGUS 
60 ALBERT 
60 AMHERST EAST 
60 ANDERSON 
60 ARBOUR 
60 ALLEGANY 
60 ALABAMA 
60 AGASSIZ 
60 ARDEN 
60 ANDOVER 
60 ARGYLE 
600 ASHLAND 
600 AMHERST EAST 
601 AMHERST ST 
602 ASHLAND 
603 ASHLAND 
603 ADAMS 
603 AMHERST EAST 
604 AMHERST EAST 
605 AMHERST EAST 
605 AUBURN 
606 AMHERST ST 
606 ASHLAND 
607 AUBURN 
607 ASHLAND 
608 ADAMS 
608 AUBURN 
608 AMHERST EAST 
609 ASHLAND 
609 AMHERST EAST 
61 ALICE 
61 ANDOVER 
61 ALMA 
61 ALBERT 
61 ALDEN 
61 ACADEMY 
61 ARMIN 
61 ALSACE 
61 AMBER 
61 ALTRURIA 
61 ARDMORE 
61 ARGUS 
61 ALBEMARLE 
61 ALLENHURST 
61 ARDEN 
61 AMSTERDAM 
61 ANDERSON 
61 ARNOLD 
61 ARKANSAS 
61 ASHLEY 
61 ADAMS 
61 ALDRICH 
610 ADAMS 
610 ASHLAND 
610 AMHERST ST 
610 AUBURN 
611 AMHERST EAST 
611 ASHLAND 
611 ADAMS 
611 AUBURN 
612 AUBURN 
612 AMHERST EAST 
612 ADAMS 
613 ADAMS 
613 ASHLAND 
615 AMHERST EAST 
616 AMHERST EAST 
616 AMHERST ST 
617 ASHLAND 
617 AMHERST EAST 
617 ADAMS 
618 ADAMS 
618 AUBURN 
619 AUBURN 
619 ADAMS 
62 AVONDALE 
62 ALDRICH 
62 ALICE 
62 ANDOVER 
62 ALLENHURST 
62 ALDEN 
62 AMSTERDAM 
62 ALMA 
62 ANDERSON 
62 APPENHEIMER 
62 AMHERST EAST 
62 ALBEMARLE 
62 ADMIRAL 
62 AMBER 
62 ALTRURIA 
62 ASHTON 
62 ALSACE 
62 ACADEMY 
620 AMHERST EAST 
620 AUBURN 
620 ADAMS 
622 AUBURN 
622 AMHERST EAST 
623 AUBURN 
625 ABBOTT 
626 AMHERST EAST 
63 ARGYLE 
63 ALMA 
63 ANDERSON 
63 ASHLAND 
63 ALEXANDER 
63 ADMIRAL 
63 AVERY 
63 ACADEMY 
63 ADAMS 
63 AVONDALE 
63 ASHTON 
63 ALSACE 
63 AMBER 
63 A ST 
63 ARLINGTON 
63 ALLEGANY 
63 ASHLEY 
63 AMSTERDAM 
63 ARDMORE 
63 ALBERT 
632 AMHERST ST 
634 AMHERST ST 
635 AMHERST ST 
637 AMHERST ST 
638 AMHERST ST 
64 APPENHEIMER 
64 ALBERT 
64 AMSTERDAM 
64 ALMA 
64 ALEXANDER 
64 ALSACE 
64 ARLINGTON 
64 ASHLAND 
64 ALDRICH 
64 AMHERST ST 
64 ARTHUR 
64 ALBEMARLE 
64 AVERY 
64 ALLENHURST 
64 ANDERSON 
64 ARDEN 
64 ASHTON 
64 ARMIN 
64 ACADEMY 
641 AMHERST ST 
644 AMHERST ST 
645 AMHERST ST 
646 AMHERST ST 
648 AMHERST ST 
649 AMHERST ST 
65 ALLENHURST 
65 AVERY 
65 ARDEN 
65 ALMA 
65 ANDOVER 
65 ANDERSON 
65 ASHLAND 
65 ARMIN 
65 ARDMORE 
65 AMHERST ST 
65 ALBEMARLE 
65 ALICE 
65 ARNOLD 
65 ARKANSAS 
65 ALDRICH 
65 ALLEGANY 
65 ASHLEY 
65 ABBOTT 
650 AUBURN 
651 AMHERST ST 
653 AUBURN 
654 AMHERST ST 
654 AUBURN 
655 AMHERST ST 
656 AUBURN 
656 AMHERST ST 
657 AUBURN 
657 ABBOTT 
659 AMHERST ST 
66 AGASSIZ 
66 ARTHUR 
66 AVERY 
66 AUBURN 
66 ANDOVER 
66 AMBER 
66 ARMIN 
66 ALLEGANY 
66 AMELIA 
66 ASHLAND 
66 ARDMORE 
66 ADMIRAL 
66 ALICE 
66 AMSTERDAM 
66 ALMA 
66 ASHLEY 
66 AVONDALE 
660 AUBURN 
660 AMHERST ST 
661 AUBURN 
662 AMHERST ST 
663 AMHERST ST 
663 AUBURN 
665 AUBURN 
665 AMHERST ST 
665 ABBOTT 
666 AUBURN 
666 AMHERST ST 
668 AMHERST ST 
67 ALEXANDER 
67 ARKANSAS 
67 ALTRURIA 
67 ACADEMY 
67 ADMIRAL 
67 ARNOLD 
67 ANDERSON 
67 ANDOVER 
67 AUBURN 
67 ALDRICH 
67 ASHTON 
67 AMBER 
670 AMHERST ST 
670 ABBOTT 
670 AUBURN 
671 AUBURN 
673 AMHERST ST 
674 AUBURN 
675 AUBURN 
675 ABBOTT 
676 AUBURN 
679 AUBURN 
679 AMHERST ST 
68 ARDMORE 
68 ALLENHURST 
68 ANDERSON 
68 ANDOVER 
68 ARDEN 
68 ALDRICH 
68 ASHLEY 
68 ASHLAND 
68 ADAMS 
68 AUBURN 
68 ALBEMARLE 
68 AMBER 
68 ALTRURIA 
68 ASHTON 
68 ACADEMY 
68 AMELIA 
680 AMHERST ST 
680 AUBURN 
681 AUBURN 
682 AUBURN 
682 ABBOTT 
684 AUBURN 
685 AUBURN 
685 ABBOTT 
688 ABBOTT 
688 AUBURN 
689 ABBOTT 
69 ASHTON 
69 ALLEGANY 
69 ASHLAND 
69 ASHLEY 
69 ARNOLD 
69 ALBEMARLE 
69 AVONDALE 
69 ADAMS 
69 ARMBRUSTER 
69 ALSACE 
69 ARDEN 
69 ALMA 
69 ALLENHURST 
69 AVERY 
692 ABBOTT 
692 AUBURN 
693 AUBURN 
695 AUBURN 
696 AUBURN 
696 ABBOTT 
699 ABBOTT 
699 AUBURN 
7 ALLENHURST 
7 ARGYLE 
7 ALMA 
7 ARUNDEL 
7 ADMIRAL 
7 AA 
70 ASHTON 
70 ALSACE 
70 AMELIA 
70 ALMA 
70 ADMIRAL 
70 AVERY 
70 ARNOLD 
70 ARDEN 
70 AUBURN 
70 ASHLEY 
70 ASHLAND 
70 ALLEGANY 
70 ADAMS 
70 AVONDALE 
70 ARMIN 
700 AUBURN 
700 ABBOTT 
701 AUBURN 
703 AUBURN 
704 ABBOTT 
704 AUBURN 
705 ABBOTT 
706 AUBURN 
707 AUBURN 
708 AUBURN 
708 ABBOTT 
709 ABBOTT 
709 AMHERST ST 
71 AMHERST ST 
71 ALBEMARLE 
71 ADMIRAL 
71 ALTRURIA 
71 AMBER 
71 ASHLEY 
71 ALDRICH 
71 ADAMS 
71 ACADEMY 
71 ALBANY 
71 ANDERSON 
71 ARNOLD 
71 ANDOVER 
710 AUBURN 
711 ABBOTT 
712 AUBURN 
714 AUBURN 
714 ABBOTT 
715 ABBOTT 
715 AMHERST ST 
716 ABBOTT 
718 ABBOTT 
719 ABBOTT 
719 AMHERST ST 
72 ALBEMARLE 
72 ARNOLD 
72 ALSACE 
72 AMBER 
72 ALLEGANY 
72 ALDRICH 
72 ACADEMY 
72 ASHLAND 
72 AMELIA 
72 ARMBRUSTER 
72 ASHLEY 
72 ALEXANDER 
72 ANDOVER 
72 ALMA 
72 ARDMORE 
72 ALLENHURST 
72 ARTHUR 
720 AMHERST ST 
720 AMHERST EAST 
720 ABBOTT 
721 ASHLAND 
722 ASHLAND 
723 AMHERST ST 
724 AMHERST EAST 
724 AMHERST ST 
725 ASHLAND 
725 AMHERST ST 
726 AMHERST ST 
726 ASHLAND 
726 AMHERST EAST 
726 AUBURN 
727 ABBOTT 
728 ASHLAND 
729 ABBOTT 
729 ASHLAND 
729 AMHERST ST 
73 AVERY 
73 ALLENHURST 
73 ARDEN 
73 ALMA 
73 AVONDALE 
73 ARMIN 
73 ALDRICH 
73 ALLEGANY 
73 ALSACE 
73 ADAMS 
73 ARMBRUSTER 
73 ANDOVER 
73 ALEXANDER 
730 AUBURN 
730 AMHERST EAST 
730 AMHERST ST 
731 ASHLAND 
732 AMHERST ST 
732 AMHERST EAST 
733 AMHERST ST 
734 ASHLAND 
734 AUBURN 
735 AMHERST ST 
735 ASHLAND 
736 AMHERST EAST 
736 ASHLAND 
737 ABBOTT 
738 AUBURN 
738 AMHERST EAST 
739 ASHLAND 
739 AMHERST ST 
74 ARDEN 
74 ALBERT 
74 AVERY 
74 ALDRICH 
74 ALTRURIA 
74 ARMBRUSTER 
74 ASHLEY 
74 ANDOVER 
74 ALEXANDER 
74 ANDERSON 
74 ADMIRAL 
74 ASHTON 
74 AMELIA 
74 ARMIN 
74 ADAMS 
740 ASHLAND 
740 AMHERST ST 
741 ABBOTT 
742 AMHERST EAST 
743 ASHLAND 
743 AMHERST ST 
744 AMHERST ST 
744 AUBURN 
744 ASHLAND 
744 AMHERST EAST 
745 ASHLAND 
745 AMHERST ST 
745 ABBOTT 
746 AMHERST ST 
748 ASHLAND 
748 AUBURN 
748 AMHERST EAST 
749 ASHLAND 
749 AMHERST ST 
749 ABBOTT 
75 AMBER 
75 ALDRICH 
75 ASHLEY 
75 ADAMS 
75 ADMIRAL 
75 ALBEMARLE 
75 ALMA 
75 ALBANY 
75 ARNOLD 
75 AVERY 
75 ALLEGANY 
75 ACADEMY 
750 AMHERST ST 
750 AUBURN 
750 ASHLAND 
750 AMHERST EAST 
751 ASHLAND 
752 ASHLAND 
753 AMHERST ST 
753 ABBOTT 
754 ABBOTT 
754 AMHERST ST 
754 AMHERST EAST 
754 AUBURN 
755 ASHLAND 
756 AMHERST EAST 
756 ASHLAND 
757 AMHERST ST 
758 AMHERST ST 
759 AMHERST ST 
759 ASHLAND 
76 ALMA 
76 ANDERSON 
76 ALEXANDER 
76 ALBEMARLE 
76 ASHLEY 
76 ALDRICH 
76 ARDMORE 
76 APPENHEIMER 
76 AVERY 
76 ARNOLD 
76 ALSACE 
76 AMBER 
76 ALLEGANY 
76 ADAMS 
76 ACADEMY 
76 AVONDALE 
76 AMELIA 
76 ARMBRUSTER 
760 ASHLAND 
760 AMHERST EAST 
760 AUBURN 
762 ASHLAND 
762 AMHERST EAST 
762 AUBURN 
763 AMHERST ST 
763 ABBOTT 
764 AMHERST ST 
764 ASHLAND 
766 AMHERST EAST 
766 AUBURN 
767 AMHERST ST 
767 ABBOTT 
768 AMHERST ST 
768 ASHLAND 
768 AUBURN 
769 AUBURN 
77 ANDOVER 
77 ALMA 
77 ALTRURIA 
77 ATHOL 
77 AMBER 
77 AVONDALE 
77 ARMBRUSTER 
77 ALSACE 
77 ARMIN 
77 ARDEN 
77 ARNOLD 
77 ASHLAND 
77 ADMIRAL 
77 ALLENHURST 
77 ASHLEY 
770 ABBOTT 
770 AMHERST ST 
770 ASHLAND 
771 AUBURN 
771 AMHERST ST 
771 ABBOTT 
772 AUBURN 
773 ABBOTT 
775 AUBURN 
775 AMHERST ST 
776 AMHERST ST 
776 AUBURN 
776 ABBOTT 
777 AMHERST ST 
777 ASHLAND 
778 AMHERST EAST 
779 AUBURN 
78 ARNOLD 
78 ANDERSON 
78 ANDOVER 
78 ARDEN 
78 ALLENHURST 
78 ARTHUR 
78 ALDRICH 
78 ASHLEY 
78 ALLEN 
78 AMELIA 
78 ATHOL 
78 ARMIN 
78 AMBER 
78 ALTRURIA 
78 ALMA 
78 APPENHEIMER 
78 ALBERT 
78 ADMIRAL 
780 ABBOTT 
780 AMHERST ST 
780 AUBURN 
781 ASHLAND 
781 AMHERST ST 
782 ASHLAND 
782 AMHERST EAST 
783 AUBURN 
784 AMHERST EAST 
784 ABBOTT 
784 AMHERST ST 
785 ABBOTT 
785 AUBURN 
785 ASHLAND 
786 ASHLAND 
786 AUBURN 
787 ASHLAND 
788 ASHLAND 
788 AMHERST EAST 
788 ABBOTT 
789 AMHERST ST 
79 AVERY 
79 ALEXANDER 
79 ALDRICH 
79 ALSACE 
79 ADAMS 
79 ACADEMY 
79 ALLEGANY 
79 ANDOVER 
79 ALBANY 
790 AUBURN 
790 AMHERST EAST 
790 AMHERST ST 
791 AMHERST ST 
791 AUBURN 
792 ASHLAND 
792 ABBOTT 
793 ASHLAND 
793 AUBURN 
794 AMHERST EAST 
794 AUBURN 
795 AMHERST ST 
796 ASHLAND 
796 AMHERST EAST 
796 AMHERST ST 
796 ABBOTT 
797 AMHERST ST 
797 ASHLAND 
798 ASHLAND 
798 AMHERST EAST 
798 AUBURN 
798 ABBOTT 
799 AUBURN 
799 ASHLAND 
8 AA 
8 ADMIRAL 
8 ALLENHURST 
8 ASHTON 
8 ARLINGTON 
8 ABBOTT 
80 ABBOTT 
80 ALSACE 
80 ADAMS 
80 ALDRICH 
80 ANGLE 
80 ARDMORE 
80 ANDOVER 
80 AUBURN 
80 ASHLAND 
80 ALBANY 
80 ALLEGANY 
80 AMELIA 
80 AVONDALE 
80 ACADEMY 
80 ASHLEY 
80 ANDERSON 
80 APPENHEIMER 
80 AVERY 
80 ARTHUR 
800 AMHERST ST 
801 AMHERST ST 
802 ABBOTT 
802 ASHLAND 
803 ASHLAND 
804 AMHERST ST 
804 AUBURN 
805 AMHERST ST 
805 AUBURN 
806 ASHLAND 
806 ABBOTT 
807 AUBURN 
807 ASHLAND 
808 AMHERST ST 
809 AMHERST ST 
809 ASHLAND 
809 AUBURN 
809 ABBOTT 
81 ATHOL 
81 AVONDALE 
81 ARMIN 
81 ARMBRUSTER 
81 ALLEGANY 
81 ALDRICH 
81 ALMA 
81 ARDEN 
81 ALBANY 
81 APPENHEIMER 
81 ALLENHURST 
81 ARNOLD 
81 ADMIRAL 
81 AMHERST ST 
81 AMBER 
81 ADAMS 
81 ASHLEY 
81 ABBOTT 
810 AMHERST ST 
810 ASHLAND 
811 ABBOTT 
812 AUBURN 
812 ASHLAND 
813 ASHLAND 
813 AMHERST ST 
813 ABBOTT 
814 AMHERST ST 
814 ABBOTT 
815 AMHERST ST 
815 AUBURN 
816 ASHLAND 
817 ASHLAND 
817 ABBOTT 
818 AMHERST ST 
818 ASHLAND 
818 AUBURN 
819 AUBURN 
819 AMHERST ST 
82 ADMIRAL 
82 ALBERT 
threw an exceptionundefined method `value=' for nil:NilClassthrew an exceptionundefined method `value=' for nil:NilClassthrew an exceptionundefined method `value=' for nil:NilClassthrew an exceptionundefined method `value=' for nil:NilClass82 ARDEN 
82 ALMA 
82 ALBANY 
82 ADAMS 
82 ALEXANDER 
82 APPENHEIMER 
82 ALLENHURST 
82 ATHOL 
82 ARMBRUSTER 
82 AMELIA 
82 ABBOTT 
82 ARMIN 
820 ABBOTT 
821 AUBURN 
821 ASHLAND 
822 AMHERST ST 
822 AUBURN 
822 ASHLAND 
823 ASHLAND 
823 AMHERST ST 
824 ASHLAND 
825 ASHLAND 
825 AUBURN 
826 AUBURN 
826 ASHLAND 
826 AMHERST ST 
827 AMHERST ST 
829 ASHLAND 
829 AMHERST ST 
829 AUBURN 
83 AMHERST ST 
83 ARMIN 
83 AVERY 
83 ALEXANDER 
83 ALBANY 
83 ALMA 
83 ANDOVER 
83 ALLEGANY 
83 ASHLAND 
83 ALTRURIA 
830 ABBOTT 
830 ASHLAND 
830 AUBURN 
831 ASHLAND 
832 ABBOTT 
833 AMHERST ST 
833 AUBURN 
834 AUBURN 
834 ASHLAND 
834 AMHERST ST 
835 AUBURN 
835 ASHLAND 
836 AMHERST ST 
836 AUBURN 
837 AMHERST ST 
838 ASHLAND 
839 AUBURN 
84 ALEXANDER 
84 AUBURN 
84 ALBANY 
84 ARDMORE 
84 ADMIRAL 
84 ALDRICH 
84 AVONDALE 
84 AMELIA 
84 ARMBRUSTER 
84 AVERY 
84 ARTHUR 
84 ANDOVER 
84 ARNOLD 
84 ASHLAND 
84 ALSACE 
841 AMHERST ST 
842 ABBOTT 
844 ABBOTT 
844 AMHERST ST 
845 ABBOTT 
85 AMBER 
85 ALDRICH 
85 ALSACE 
85 ATHOL 
85 ADAMS 
85 ACADEMY 
85 AMHERST ST 
85 AMHERST EAST 
85 AUSTIN 
85 ALBEMARLE 
85 ABBOTT 
85 ALBERT 
85 ALLENHURST 
85 ARKANSAS 
85 ALBANY 
850 AMHERST ST 
850 ABBOTT 
851 ABBOTT 
854 ABBOTT 
856 AMHERST ST 
858 ABBOTT 
859 ABBOTT 
86 ARMBRUSTER 
86 AMHERST EAST 
86 AUSTIN 
86 ALBERT 
86 ARTHUR 
86 ALLENHURST 
86 ALMA 
86 AUBURN 
86 AMBER 
86 ALDRICH 
86 ARMIN 
86 ACADEMY 
86 ADAMS 
866 ABBOTT 
867 ABBOTT 
87 ARMIN 
87 ALBERT 
87 AVERY 
87 ADMIRAL 
87 ARNOLD 
87 ASHLAND 
87 ANDOVER 
87 ALMA 
87 ARDEN 
87 AVONDALE 
87 ATHOL 
87 ALTRURIA 
872 ABBOTT 
873 ABBOTT 
874 AMHERST ST 
875 ABBOTT 
876 ABBOTT 
877 ABBOTT 
88 ALTRURIA 
88 AMELIA 
88 ALMA 
88 ANDOVER 
88 ASHLAND 
88 AVERY 
88 ADMIRAL 
88 AUSTIN 
88 ARDMORE 
88 ARNOLD 
88 ARKANSAS 
88 ATHOL 
88 AVONDALE 
88 ALSACE 
88 AMBER 
880 ABBOTT 
881 AMHERST ST 
882 ABBOTT 
887 AMHERST ST 
888 ABBOTT 
89 ABBOTT 
89 ACADEMY 
89 ALBEMARLE 
89 ALBANY 
89 ANDOVER 
89 ALMA 
89 ADAMS 
89 ALSACE 
89 ALABAMA 
89 ALDRICH 
89 ARKANSAS 
89 ASHLAND 
89 AUSTIN 
891 AMHERST ST 
892 ABBOTT 
895 AMHERST ST 
896 ABBOTT 
899 AMHERST ST 
9 ARLINGTON 
9 ALICE 
9 AA 
9 ALBION 
9 ASHTON 
9 ALMA 
9 ARKANSAS 
9 ALEXANDER 
9 AVERY 
9 AUSTIN 
9 ARGYLE 
90 ARDMORE 
90 AUSTIN 
90 ARTHUR 
90 ALLENHURST 
90 AMHERST ST 
90 ALBANY 
90 ALMA 
90 ANDOVER 
90 ALDRICH 
90 ALABAMA 
90 AMELIA 
90 ARMBRUSTER 
90 ABBOTT 
90 ARMIN 
90 ACADEMY 
90 ARKANSAS 
90 ANDERSON 
90 ALEXANDER 
900 AMHERST ST 
903 AMHERST ST 
904 ABBOTT 
907 AMHERST ST 
91 ALEXANDER 
91 ALDRICH 
91 ASHLEY 
91 AVONDALE 
91 ATHOL 
91 ACADEMY 
91 ALBERT 
91 ADMIRAL 
91 ALBANY 
91 ARMIN 
91 ALABAMA 
91 ARMBRUSTER 
91 AMBER 
911 AMHERST ST 
915 AMHERST ST 
917 ABBOTT 
919 ABBOTT 
919 AMHERST ST 
92 ALBERT 
92 ALBANY 
92 ARDEN 
92 ALDRICH 
92 ASH 
92 ARMIN 
92 APPENHEIMER 
92 ASHLAND 
92 ARKANSAS 
92 ATHOL 
92 ARMBRUSTER 
92 ALSACE 
92 AMBER 
92 ASHLEY 
920 ABBOTT 
920 AMHERST ST 
925 AMHERST ST 
925 ABBOTT 
927 ABBOTT 
93 ALSACE 
93 ALABAMA 
93 ABBOTT 
93 APPENHEIMER 
93 ALEXANDER 
93 AMHERST ST 
93 AUSTIN 
93 ALBANY 
93 ARKANSAS 
93 ANDOVER 
93 ALMA 
93 AMBER 
93 ALTRURIA 
93 ASH 
93 ARMBRUSTER 
933 AMHERST ST 
937 AMHERST ST 
94 AMHERST ST 
94 APPENHEIMER 
94 ADMIRAL 
94 ALEXANDER 
94 ARMBRUSTER 
94 AVONDALE 
94 AMBER 
94 ANDOVER 
94 ALMA 
94 ALLENHURST 
94 AUSTIN 
94 ASH 
94 ACADEMY 
94 ALTRURIA 
940 ABBOTT 
940 AMHERST ST 
941 AMHERST ST 
944 ABBOTT 
945 AMHERST ST 
945 ABBOTT 
946 ABBOTT 
948 ABBOTT 
949 ABBOTT 
949 AMHERST ST 
95 AMHERST ST 
95 ALBERT 
95 ARKANSAS 
95 ANDOVER 
95 ARMBRUSTER 
95 ARMIN 
95 ASH 
95 ASHLAND 
95 ASHLEY 
95 ALDRICH 
95 ADAMS 
95 ALABAMA 
95 AVONDALE 
95 ARGUS 
95 AUSTIN 
95 ALMA 
95 APPENHEIMER 
95 ARDEN 
950 AMHERST ST 
953 AMHERST ST 
953 ABBOTT 
954 AMHERST ST 
954 ABBOTT 
956 ABBOTT 
957 AMHERST ST 
957 ABBOTT 
96 ALDRICH 
96 ARMIN 
96 ABBOTT 
96 ACADEMY 
96 ASHLEY 
96 ARDEN 
96 ALMA 
96 ALBANY 
96 ASHLAND 
96 ASH 
96 ARCHIE 
96 AMHERST ST 
96 AUSTIN 
96 ARGUS 
96 ALBERT 
96 ALEXANDER 
960 AMHERST ST 
961 AMHERST ST 
965 AMHERST ST 
968 ABBOTT 
969 AMHERST ST 
97 ARGUS 
97 ANDOVER 
97 ALDRICH 
97 ALABAMA 
97 ACADEMY 
97 ADAMS 
97 AMBER 
97 ALSACE 
97 ALEXANDER 
97 ALBANY 
97 ARDEN 
97 ALBERT 
97 ASH 
97 ALTRURIA 
973 ABBOTT 
974 AMHERST ST 
975 ABBOTT 
976 ABBOTT 
978 ABBOTT 
98 AVONDALE 
98 ARCHIE 
98 ALSACE 
98 ALDRICH 
98 ARGUS 
98 ALBERT 
98 ANDOVER 
98 ARDEN 
98 ALEXANDER 
98 ANDERSON 
98 ARMBRUSTER 
98 ABBOTT 
98 AMBER 
98 ALTRURIA 
98 AUSTIN 
98 ALBANY 
982 ABBOTT 
99 ARMIN 
99 ARMBRUSTER 
99 ALABAMA 
99 ACADEMY 
99 ADAMS 
99 ASHLAND 
99 ALMA 
99 ALBERT 
99 AMHERST ST 
99 AUSTIN 
99 APPENHEIMER 
99 ASHLEY 
99 AVONDALE 
995 ABBOTT 
24 ALAMO 
24 ALDRICH 
82 ALTRURIA 
82 AMBER 
182 ANDERSON 
34 ANDERSON 
134 ARMIN 
24 ARMIN 
24 ASHTON 
86 ATHOL 
21 AVERY 
 BAITZ 
 BAILEY 
 BARNARD 
 BRINKMAN 
1 BRINKMAN 
1 BRITTANY 
1 BURKE 
1 BUD MILL 
1 BAITZ 
1 BUFFALO RIVER PLACE 
1 BOONE 
1 BEACON 
1 BAILEY 
1 BABCOCK 
1 BUFFALO RIVER OLD 
1 BERTHA 
1 BRIDGE 
1 BEARD 
1 BEVERLY 
1 BLAINE 
1 BLACK ROCK HARBOR 
1 BRITTANY 
1 BRITTANY 
1 BEAN 
10 BUTLER 
10 BENNETT VILL 
10 BEVERLY 
10 BOONE 
10 BAME 
10 BLAINE 
10 BARTON 
10 BISSELL 
10 BLAKE 
100 BISSELL 
100 BRISCOE 
100 BRUNSWICK 
100 BARTON 
100 BUTLER 
100 BERWYN 
100 BAXTER 
100 BEATRICE 
100 BAME 
100 BOGARDUS 
100 BABCOCK 
100 BEARD 
100 BICKFORD 
100 BLAINE 
100 BAYNES 
100 BRADLEY 
100 BLOCK 
100 BRAYTON 
100 BRINKMAN 
100 BARTHEL 
100 BURGARD 
100 BAKOS BLVD 
100 BECK 
100 BUD MILL 
100 BARNARD 
101 BOGARDUS 
101 BURGARD 
101 BISSELL 
101 BRISCOE 
101 BARTHEL 
101 BRUNSWICK 
101 BAXTER 
101 BEATRICE 
101 BRINTON 
101 BUSH 
101 BERWYN 
101 BEARD 
101 BLOOMFIELD 
101 BROWNELL 
101 BICKFORD 
101 BRAYTON 
101 BAKOS BLVD 
1017 BROADWAY 
1018 BROADWAY 
102 BOX 
102 BRISCOE 
102 BARTHEL 
102 BRINKMAN 
102 BARTON 
102 BERWYN 
102 BEVERLY 
102 BAXTER 
102 BRINTON 
102 BAYNES 
102 BUSH 
102 BRIGGS 
102 BRADLEY 
102 BLOCK 
102 BEST 
102 BISSELL 
102 BURGARD 
102 BOGARDUS 
102 BABCOCK 
102 BUFFUM 
102 BLOOMFIELD 
1021 BROADWAY 
1029 BROADWAY 
103 BARNARD 
103 BIRD 
103 BARTON 
103 BRAYTON 
103 BRUNSWICK 
103 BOX 
103 BRINKMAN 
103 BARTHEL 
103 BURGARD 
103 BENNETT VILL 
1033 BROADWAY 
1035 BROADWAY 
1036 BROADWAY 
104 BARTHEL 
104 BOX 
104 BUTLER 
104 BEST 
104 BRUNSWICK 
104 BAXTER 
104 BRADLEY 
104 BIRD 
104 BICKFORD 
104 BARNARD 
104 BENNETT VILL 
104 BEATRICE 
104 BRAYTON 
1040 BROADWAY 
1049 BROADWAY 
105 BLOOMFIELD 
105 BERWYN 
105 BENNETT VILL 
105 BAME 
105 BAXTER 
105 BRINTON 
105 BRECKENRIDGE 
105 BAYNES 
105 BRUNSWICK 
105 BOX 
105 BISSELL 
105 BARTHEL 
105 BRINKMAN 
105 BRAYTON 
105 BRISCOE 
105 BEATRICE 
105 BURKE 
105 BUSH 
105 BEARD 
105 BEDFORD 
105 BICKFORD 
105 BARNARD 
105 BOGARDUS 
1050 BROADWAY 
1054 BROADWAY 
1058 BROADWAY 
106 BOGARDUS 
106 BURGARD 
106 BARTON 
106 BRUNSWICK 
106 BRINTON 
106 BAME 
106 BIRD 
106 BURKE 
106 BERWYN 
106 BIDWELL 
106 BLOOMFIELD 
106 BEARD 
106 BRISCOE 
106 BISSELL 
106 BAKOS BLVD 
106 BRECKENRIDGE 
1066 BROADWAY 
1067 BROADWAY 
1069 BROADWAY 
107 BECK 
107 BICKFORD 
107 BAXTER 
107 BARTON 
107 BISSELL 
107 BOX 
107 BRINKMAN 
107 BARTHEL 
107 BOGARDUS 
107 BUFFUM 
107 BUSHNELL 
107 BRAYTON 
107 BRUNSWICK 
107 BURGARD 
107 BIRD 
107 BOTSFORD 
107 BEATRICE 
107 BRINTON 
107 BAYNES 
1073 BROADWAY 
1077 BROADWAY 
108 BOGARDUS 
108 BLOCK 
108 BISSELL 
108 BEATRICE 
108 BAYNES 
108 BICKFORD 
108 BUSH 
108 BURGARD 
108 BOX 
108 BARTHEL 
108 BARTON 
108 BRAYTON 
108 BARNARD 
108 BUSHNELL 
1081 BROADWAY 
1086 BROADWAY 
109 BENZINGER 
109 BAITZ 
109 BLOOMFIELD 
109 BRUNSWICK 
109 BISSELL 
109 BUSH 
109 BURKE 
109 BRISCOE 
109 BARTHEL 
109 BERWYN 
109 BRAYTON 
109 BAXTER 
109 BRINTON 
109 BIRD 
1094 BROADWAY 
11 BERTHA 
11 BRANTFORD 
11 BAXTER 
11 BEATRICE 
11 BOEHM 
11 BARTHEL 
11 BAYNES 
11 BLUM 
11 BERKLEY 
11 BOTSFORD 
11 BREWSTER 
11 BENNETT VILL 
11 BLAINE 
11 BRIDGEMAN 
11 BLACK ROCK HARBOR 
11 BEVERLY 
11 BERWYN 
11 BRITTANY 
11 BRUNSWICK 
11 BUTLER 
11 BLOCK 
11 BLOOMFIELD 
11 BOONE 
11 BOLTON 
110 BLOOMFIELD 
110 BROADWAY 
110 BURGARD 
110 BERWYN 
110 BIDWELL 
110 BRECKENRIDGE 
110 BRINTON 
110 BEATRICE 
110 BRADLEY 
110 BRUNSWICK 
110 BRISCOE 
110 BOX 
110 BIRD 
110 BURKE 
110 BEARD 
110 BUSH 
110 BICKFORD 
110 BENNETT VILL 
110 BAITZ 
110 BARNARD 
1105 BROADWAY 
111 BUFFUM 
111 BAITZ 
111 BARNARD 
111 BUSHNELL 
111 BENZINGER 
111 BOGARDUS 
111 BECK 
111 BIDWELL 
111 BAME 
111 BEATRICE 
111 BOX 
111 BRINKMAN 
111 BRAYTON 
111 BARTON 
1114 BROADWAY 
1118 BROADWAY 
1119 BROADWAY 
112 BOGARDUS 
112 BARNARD 
112 BRAYTON 
112 BEST 
112 BARTHEL 
112 BOX 
112 BLOCK 
112 BAME 
112 BRADLEY 
112 BEATRICE 
112 BAXTER 
112 BRINTON 
112 BUSH 
1121 BROADWAY 
1122 BROADWAY 
1124 BROADWAY 
1125 BROADWAY 
1127 BROADWAY 
1128 BROADWAY 
113 BUFFUM 
113 BIRD 
113 BENNETT VILL 
113 BIDWELL 
113 BRAYTON 
113 BLOOMFIELD 
113 BAXTER 
113 BRINTON 
113 BUSH 
113 BISSELL 
1131 BROADWAY 
1132 BROADWAY 
1137 BAILEY 
114 BUSHNELL 
114 BENNETT ST 
114 BABCOCK 
114 BAITZ 
114 BRUNSWICK 
114 BARTON 
114 BRECKENRIDGE 
114 BUTLER 
114 BRINTON 
114 BAXTER 
114 BRADLEY 
114 BLOOMFIELD 
114 BRAYTON 
114 BAKOS BLVD 
114 BISSELL 
114 BURGARD 
114 BENNETT VILL 
114 BICKFORD 
1142 BAILEY 
1143 BAILEY 
1145 BROADWAY 
1146 BAILEY 
1148 BROADWAY 
1148 BAILEY 
1149 BROADWAY 
115 BENZINGER 
115 BUSHNELL 
115 BAME 
115 BURKE 
115 BARTON 
115 BRUNSWICK 
115 BRAYTON 
115 BARTHEL 
115 BOX 
115 BAITZ 
115 BARNARD 
115 BOGARDUS 
115 BERKSHIRE 
115 BIDWELL 
115 BUSH 
115 BISSELL 
1150 BAILEY 
1150 BROADWAY 
1152 BROADWAY 
1152 BAILEY 
1153 BROADWAY 
1154 BAILEY 
1155 BAILEY 
1155 BROADWAY 
1158 BAILEY 
1159 BAILEY 
1159 BROADWAY 
116 BOGARDUS 
116 BAITZ 
116 BEST 
116 BRAYTON 
116 BARTON 
116 BEARD 
116 BICKFORD 
116 BERKSHIRE 
116 BURKE 
116 BAME 
116 BABCOCK 
116 BARNARD 
116 BLOCK 
116 BOX 
116 BAXTER 
116 BIDWELL 
1160 BROADWAY 
1163 BAILEY 
1163 BROADWAY 
1164 BROADWAY 
1168 BROADWAY 
1169 BAILEY 
117 BUSHNELL 
117 BENZINGER 
117 BARNARD 
117 BLOOMFIELD 
117 BRINTON 
117 BEDFORD 
117 BUSH 
117 BERKSHIRE 
117 BOX 
117 BISSELL 
117 BRAYTON 
117 BAITZ 
117 BUFFUM 
117 BIDWELL 
1170 BAILEY 
1171 BROADWAY 
1172 BROADWAY 
1175 BAILEY 
1175 BROADWAY 
1176 BROADWAY 
1178 BAILEY 
1179 BROADWAY 
118 BAITZ 
118 BARNARD 
118 BUSH 
118 BERKSHIRE 
118 BRINTON 
118 BEATRICE 
118 BRUNSWICK 
118 BISSELL 
118 BOX 
118 BUSHNELL 
118 BLOOMFIELD 
118 BRAYTON 
118 BUTLER 
118 BURGARD 
1180 BAILEY 
1183 BAILEY 
1183 BROADWAY 
1184 BAILEY 
1185 BROADWAY 
1186 BROADWAY 
1187 BAILEY 
1188 BAILEY 
119 BROADWAY 
119 BENNETT VILL 
119 BISSELL 
119 BRUNSWICK 
119 BARTON 
119 BIDWELL 
119 BEDFORD 
119 BOTSFORD 
1191 BAILEY 
1193 BROADWAY 
1194 BAILEY 
1195 BAILEY 
1196 BAILEY 
12 BOGARDUS 
12 BRIGHTON 
12 BROWNELL 
12 BOONE 
12 BEVERLY 
12 BIDWELL 
12 BELMONT 
12 BAXTER 
12 BERKLEY 
12 BROWN 
12 BURLINGTON 
12 BOLTON 
12 BARNARD 
12 BREWSTER 
12 BEAUMARIS 
12 BRINTON 
12 BENNETT VILL 
12 BICKFORD 
12 BRANTFORD 
12 BAYNES 
12 BLOCK 
120 BARTON 
120 BAKOS BLVD 
120 BABCOCK 
120 BUSHNELL 
120 BROADWAY 
120 BEST 
120 BISSELL 
120 BUSH 
120 BENNETT VILL 
120 BICKFORD 
1201 BROADWAY 
1201 BAILEY 
1202 BAILEY 
1202 BROADWAY 
1204 BAILEY 
1204 BROADWAY 
1205 BAILEY 
1207 BAILEY 
121 BUFFALO RIVER 
121 BUFFUM 
121 BARTON 
121 BURKE 
121 BAME 
121 BRINTON 
121 BENZINGER 
121 BUSHNELL 
121 BAITZ 
121 BLOOMFIELD 
121 BAYNES 
121 BUSH 
121 BOX 
1210 BAILEY 
1210 BROADWAY 
1214 BAILEY 
1215 BROADWAY 
1218 BAILEY 
122 BENZINGER 
122 BENNETT ST 
122 BLOOMFIELD 
122 BABCOCK 
122 BLOCK 
122 BEST 
122 BUTLER 
122 BUSH 
122 BAITZ 
122 BUSHNELL 
122 BRINTON 
122 BERKSHIRE 
122 BIDWELL 
122 BRUNSWICK 
1222 BAILEY 
1224 BROADWAY 
1226 BAILEY 
123 BENZINGER 
123 BARNARD 
123 BUSHNELL 
123 BIRD 
123 BENNETT VILL 
123 BURGARD 
123 BAITZ 
123 BRUNSWICK 
123 BISSELL 
123 BIDWELL 
123 BERKSHIRE 
123 BEARD 
123 BUSH 
1230 BAILEY 
1234 BAILEY 
1238 BAILEY 
124 BAITZ 
124 BENZINGER 
124 BENNETT ST 
124 BLOOMFIELD 
124 BISSELL 
124 BOX 
124 BARTON 
124 BICKFORD 
124 BENNETT VILL 
124 BAME 
1242 BAILEY 
1245 BAILEY 
1246 BAILEY 
1247 BROADWAY 
125 BUFFUM 
125 BUTLER 
125 BEDFORD 
125 BERKSHIRE 
125 BENZINGER 
125 BUSHNELL 
125 BLOOMFIELD 
125 BRINTON 
125 BIRD 
125 BUSH 
125 BOX 
125 BARTON 
1250 BAILEY 
1251 BROADWAY 
1253 BROADWAY 
1255 BAILEY 
126 BISSELL 
126 BUSHNELL 
126 BABCOCK 
126 BARNARD 
126 BARTON 
126 BRECKENRIDGE 
126 BRUNSWICK 
126 BOX 
126 BIDWELL 
126 BIRD 
126 BUFFUM 
126 BERKSHIRE 
126 BICKFORD 
126 BRINTON 
126 BUTLER 
126 BEST 
126 BLOCK 
1261 BROADWAY 
1262 BROADWAY 
1264 BROADWAY 
1265 BROADWAY 
1267 BAILEY 
1269 BROADWAY 
127 BUFFUM 
127 BOX 
127 BURGARD 
127 BUTLER 
127 BARTON 
127 BRUNSWICK 
127 BRINTON 
127 BAME 
127 BAYNES 
127 BAITZ 
127 BISSELL 
127 BARNARD 
127 BUFFALO RIVER 
1270 BAILEY 
1270 BROADWAY 
1271 BROADWAY 
1274 BAILEY 
1275 BROADWAY 
1277 BAILEY 
1278 BAILEY 
128 BURGARD 
128 BARNARD 
128 BABCOCK 
128 BRINTON 
128 BAME 
128 BEARD 
128 BAKOS BLVD 
128 BARTON 
128 BENZINGER 
128 BAITZ 
128 BUFFUM 
128 BIRD 
128 BUSH 
128 BRUNSWICK 
128 BUTLER 
128 BOX 
128 BLOCK 
1281 BAILEY 
1285 BAILEY 
1286 BROADWAY 
1289 BAILEY 
129 BARNARD 
129 BLOOMFIELD 
129 BRUNSWICK 
129 BIRD 
129 BENNETT VILL 
129 BERKSHIRE 
129 BAITZ 
129 BENZINGER 
129 BROADWAY 
129 BUFFUM 
129 BUSHNELL 
129 BARTON 
129 BAYNES 
1290 BAILEY 
1290 BROADWAY 
1291 BROADWAY 
1292 BAILEY 
1293 BAILEY 
1295 BROADWAY 
1296 BAILEY 
1296 BROADWAY 
1297 BAILEY 
13 BUFFALO RIVER 
13 BELL 
13 BELMONT 
13 BLACK ROCK HARBOR 
13 BURKE 
13 BRITTANY 
13 BROOKLYN 
13 BRITT 
13 BENNETT VILL 
13 BIDWELL 
13 BREMEN 
130 BARTON 
130 BISSELL 
130 BURGARD 
130 BIDWELL 
130 BERKSHIRE 
130 BUSH 
130 BIRD 
130 BENZINGER 
130 BEST 
130 BRECKENRIDGE 
130 BICKFORD 
130 BENNETT VILL 
130 BABCOCK 
130 BUSHNELL 
130 BLOOMFIELD 
130 BENNETT ST 
1300 BROADWAY 
1301 BROADWAY 
1302 BROADWAY 
1303 BROADWAY 
1304 BAILEY 
1305 BAILEY 
1305 BROADWAY 
1306 BROADWAY 
1309 BROADWAY 
131 BUSHNELL 
131 BERKSHIRE 
131 BLAINE 
131 BOX 
131 BURGARD 
131 BUTLER 
131 BISSELL 
131 BUSH 
131 BURKE 
131 BRINTON 
1310 BAILEY 
1310 BROADWAY 
1315 BROADWAY 
1315 BAILEY 
1316 BAILEY 
1318 BROADWAY 
1319 BAILEY 
1319 BROADWAY 
132 BUSHNELL 
132 BARNARD 
132 BIDWELL 
132 BURGARD 
132 BUTLER 
132 BRUNSWICK 
132 BRECKENRIDGE 
132 BOX 
132 BLOCK 
132 BISSELL 
132 BLAINE 
132 BIRD 
132 BRINTON 
132 BURKE 
1320 BAILEY 
1320 BROADWAY 
1321 BAILEY 
1322 BAILEY 
1323 BAILEY 
1323 BROADWAY 
1326 BROADWAY 
1327 BAILEY 
1327 BROADWAY 
133 BENZINGER 
133 BLAINE 
133 BENNETT VILL 
133 BURGARD 
133 BRUNSWICK 
133 BROADWAY 
133 BAITZ 
133 BOX 
133 BUSH 
133 BAYNES 
133 BRECKENRIDGE 
133 BRINTON 
133 BEDFORD 
1330 BROADWAY 
1330 BAILEY 
1331 BROADWAY 
1332 BAILEY 
1334 BROADWAY 
1335 BROADWAY 
1336 BAILEY 
1338 BAILEY 
1339 BROADWAY 
134 BUSH 
134 BURKE 
134 BERKSHIRE 
134 BEST 
134 BENZINGER 
134 BENNETT ST 
134 BLOOMFIELD 
134 BUFFUM 
134 BAITZ 
134 BRECKENRIDGE 
134 BURGARD 
1340 BAILEY 
1341 BROADWAY 
1342 BROADWAY 
1344 BROADWAY 
1344 BAILEY 
1345 BROADWAY 
1347 BROADWAY 
1348 BROADWAY 
1348 BAILEY 
1349 BROADWAY 
135 BAITZ 
135 BUTLER 
135 BURGARD 
135 BERKSHIRE 
135 BUSH 
135 BRECKENRIDGE 
135 BUSHNELL 
135 BLOOMFIELD 
135 BAYNES 
135 BIRD 
1350 BAILEY 
1350 BROADWAY 
1351 BAILEY 
1354 BAILEY 
1354 BROADWAY 
1356 BAILEY 
1358 BROADWAY 
136 BROADWAY 
136 BENZINGER 
136 BAITZ 
136 BUFFUM 
136 BERKSHIRE 
136 BIDWELL 
136 BENNETT VILL 
136 BOX 
136 BURGARD 
136 BISSELL 
136 BUTLER 
136 BRUNSWICK 
136 BIRD 
136 BRECKENRIDGE 
136 BLAINE 
136 BICKFORD 
136 BEST 
1360 BAILEY 
1362 BAILEY 
1367 BAILEY 
137 BLOOMFIELD 
137 BLAINE 
137 BIRD 
137 BROADWAY 
137 BUTLER 
137 BRUNSWICK 
137 BRECKENRIDGE 
137 BISSELL 
137 BOX 
1370 BROADWAY 
1374 BAILEY 
1378 BAILEY 
138 BLOOMFIELD 
138 BICKFORD 
138 BIDWELL 
138 BISSELL 
138 BUTLER 
138 BEST 
138 BUSH 
138 BIRD 
1385 BROADWAY 
1386 BAILEY 
1387 BROADWAY 
1388 BROADWAY 
1389 BAILEY 
139 BENNETT ST 
139 BENZINGER 
139 BLOOMFIELD 
139 BUFFALO RIVER 
139 BRYANT 
139 BURGARD 
139 BENNETT VILL 
139 BAYNES 
139 BLAINE 
139 BIRD 
139 BAITZ 
139 BARNARD 
139 BEDFORD 
139 BUSH 
139 BERKSHIRE 
139 BISSELL 
1390 BROADWAY 
1391 BROADWAY 
1392 BROADWAY 
1393 BROADWAY 
1396 BROADWAY 
1399 BAILEY 
1399 BROADWAY 
14 BRINKMAN 
14 BRIGHTON 
14 BROST 
14 BRITT 
14 BRISCOE 
14 BARTHEL 
14 BROOKLYN 
14 BUTLER 
14 BENNETT VILL 
14 BRIDGEMAN 
14 BURKE 
14 BICKFORD 
14 BIRCH PL 
14 BEAUMARIS 
14 BRINTON 
14 BUFFALO RIVER 
14 BEYER 
14 BUFFUM 
14 BREWSTER 
14 BLANCHE 
14 BEATRICE 
14 BERWYN 
14 BRANTFORD 
14 BLAINE 
14 BOEHM 
14 BURGARD 
14 BOX 
14 BRAYTON 
140 BRUNSWICK 
140 BOX 
140 BRECKENRIDGE 
140 BENNETT VILL 
140 BIRD 
140 BRADLEY 
140 BUSH 
140 BLAINE 
140 BERKSHIRE 
140 BARNARD 
140 BAITZ 
140 BURGARD 
140 BENZINGER 
1400 BROADWAY 
1400 BAILEY 
1401 BROADWAY 
1406 BROADWAY 
141 BENZINGER 
141 BROADWAY 
141 BAITZ 
141 BAYNES 
141 BRECKENRIDGE 
141 BUTLER 
141 BOX 
141 BENNETT ST 
141 BUSHNELL 
141 BUSH 
141 BERKSHIRE 
141 BIDWELL 
141 BRYANT 
141 BRUNSWICK 
141 BISSELL 
141 BRISCOE 
1414 BROADWAY 
1418 BROADWAY 
1418 BAILEY 
142 BENZINGER 
142 BENNETT ST 
142 BROADWAY 
142 BAITZ 
142 BARNARD 
142 BLOOMFIELD 
142 BOX 
142 BUTLER 
142 BRECKENRIDGE 
142 BICKFORD 
142 BIDWELL 
142 BRINKMAN 
142 BISSELL 
142 BURGARD 
142 BRYANT 
142 BOTSFORD 
1420 BROADWAY 
1421 BROADWAY 
1422 BAILEY 
1424 BROADWAY 
1424 BAILEY 
1425 BROADWAY 
1427 BROADWAY 
1428 BROADWAY 
143 BUSH 
143 BRYANT 
143 BISSELL 
143 BROADWAY 
143 BARNARD 
143 BLAINE 
143 BEARD 
143 BIRD 
143 BOX 
143 BURGARD 
1430 BROADWAY 
1432 BAILEY 
1433 BROADWAY 
1435 BROADWAY 
1436 BROADWAY 
1437 BAILEY 
1437 BROADWAY 
1438 BAILEY 
1439 BROADWAY 
144 BURGARD 
144 BOX 
144 BRISCOE 
144 BRECKENRIDGE 
144 BRUNSWICK 
144 BRYANT 
144 BLAINE 
144 BERKSHIRE 
144 BICKFORD 
144 BENZINGER 
144 BABCOCK 
144 BISSELL 
144 BRINKMAN 
144 BUSH 
1442 BROADWAY 
1443 BROADWAY 
145 BAITZ 
145 BLOOMFIELD 
145 BAYNES 
145 BUTLER 
145 BRUNSWICK 
145 BRECKENRIDGE 
145 BENNETT VILL 
145 BERKSHIRE 
145 BRISCOE 
145 BURGARD 
145 BROADWAY 
145 BENNETT ST 
145 BUFFALO RIVER 
1450 BROADWAY 
1452 BROADWAY 
1455 BROADWAY 
1456 BROADWAY 
146 BENZINGER 
146 BAITZ 
146 BABCOCK 
146 BLOOMFIELD 
146 BRUNSWICK 
146 BUTLER 
146 BOX 
146 BURGARD 
146 BRECKENRIDGE 
146 BENNETT VILL 
146 BRADLEY 
146 BENNETT ST 
146 BROADWAY 
146 BARNARD 
146 BUSH 
1462 BROADWAY 
1466 BROADWAY 
147 BAITZ 
147 BUSH 
147 BLAINE 
147 BEARD 
147 BOX 
147 BRYANT 
147 BRUNSWICK 
147 BRECKENRIDGE 
147 BIRD 
147 BIDWELL 
147 BURGARD 
147 BARNARD 
147 BRINKMAN 
148 BENNETT ST 
148 BRINKMAN 
148 BICKFORD 
148 BLAINE 
148 BISSELL 
148 BERKSHIRE 
148 BRECKENRIDGE 
148 BUSH 
148 BRADLEY 
148 BIRD 
148 BAITZ 
1480 BAILEY 
1482 BROADWAY 
1484 BAILEY 
1486 BAILEY 
149 BUD MILL 
149 BROADWAY 
149 BUSH 
149 BAYNES 
149 BENNETT VILL 
149 BERKSHIRE 
149 BRISCOE 
149 BISSELL 
149 BIRD 
149 BUTLER 
149 BLOOMFIELD 
1491 BROADWAY 
1494 BROADWAY 
1495 BROADWAY 
1497 BROADWAY 
1499 BROADWAY 
15 BEECH 
15 BROWNELL 
15 BENZINGER 
15 BOONE 
15 BOEHM 
15 BRISCOE 
15 BUTLER 
15 BAYNES 
15 B ST 
15 BENNETT VILL 
15 BIDWELL 
15 BLAINE 
15 BIRCH PL 
15 BEATRICE 
15 BELMONT 
15 BROWN 
15 BLOOMFIELD 
15 BELL 
15 BARNARD 
15 BROOKLYN 
15 BRUNSWICK 
15 BRAYTON 
15 BARTON 
15 BARTHEL 
15 BARDOL 
15 BARRY 
15 BURKE 
15 BLANTYRE 
15 BLUM 
15 BRIGGS 
15 BAXTER 
15 BEVERLY 
15 BREWSTER 
15 BERKLEY 
15 BRANTFORD 
150 BERKSHIRE 
150 BICKFORD 
150 BRISCOE 
150 BISSELL 
150 BRINKMAN 
150 BOX 
150 BUFFUM 
150 BAITZ 
150 BAILEY 
150 BLOOMFIELD 
150 BUD MILL 
150 BIRD 
150 BEARD 
150 BENNETT VILL 
150 BUTLER 
150 BRUNSWICK 
150 BRECKENRIDGE 
150 BURGARD 
150 BENZINGER 
150 BABCOCK 
150 BARNARD 
150 BENNETT ST 
1501 BROADWAY 
1503 BROADWAY 
1504 BAILEY 
1505 BROADWAY 
1506 BAILEY 
1508 BAILEY 
151 BARNARD 
151 BRINKMAN 
151 BAYNES 
151 BOND 
151 BUFFALO RIVER 
151 BAITZ 
151 BUTLER 
151 BURGARD 
151 BISSELL 
151 BRECKENRIDGE 
151 BOX 
151 BLAINE 
151 BOTSFORD 
1510 BROADWAY 
1510 BAILEY 
1511 BROADWAY 
1513 BROADWAY 
1515 BROADWAY 
1516 BROADWAY 
1517 BAILEY 
1517 BROADWAY 
1518 BROADWAY 
152 BABCOCK 
152 BARNARD 
152 BIRD 
152 BRADLEY 
152 BUSH 
152 BRYANT 
152 BROADWAY 
152 BAILEY 
152 BLAINE 
152 BUTLER 
1520 BROADWAY 
1522 BROADWAY 
1523 BAILEY 
1525 BROADWAY 
1527 BROADWAY 
153 BENNETT ST 
153 BAITZ 
153 BLOOMFIELD 
153 BRINKMAN 
153 BOX 
153 BEARD 
153 BIRD 
153 BARNARD 
153 BRUNSWICK 
153 BISSELL 
153 BRISCOE 
153 BERKSHIRE 
153 BIDWELL 
153 BAYNES 
1530 BAILEY 
1533 BROADWAY 
1533 BAILEY 
1535 BAILEY 
1538 BROADWAY 
1539 BAILEY 
154 BAITZ 
154 BENZINGER 
154 BICKFORD 
154 BRINKMAN 
154 BURGARD 
154 BISSELL 
154 BRISCOE 
154 BARNARD 
154 BABCOCK 
154 BERKSHIRE 
154 BENNETT VILL 
154 BLAINE 
154 BOX 
1541 BAILEY 
1545 BROADWAY 
1546 BROADWAY 
1547 BROADWAY 
1548 BROADWAY 
155 BENNETT ST 
155 BISSELL 
155 BUTLER 
155 BURGARD 
155 BRYANT 
155 BENNETT VILL 
1553 BROADWAY 
1555 BROADWAY 
1559 BROADWAY 
156 BENNETT ST 
156 BUTLER 
156 BRYANT 
156 BLOOMFIELD 
156 BUFFUM 
156 BISSELL 
156 BRINKMAN 
156 BIRD 
1563 BROADWAY 
1565 BROADWAY 
1567 BROADWAY 
157 BENNETT ST 
157 BLOOMFIELD 
157 BUFFALO RIVER 
157 BIRD 
157 BAYNES 
157 BRINKMAN 
157 BURGARD 
157 BOX 
157 BERKSHIRE 
157 BLAINE 
1570 BROADWAY 
1572 BROADWAY 
1575 BROADWAY 
1576 BROADWAY 
1578 BROADWAY 
158 BURGARD 
158 BISSELL 
158 BOX 
158 BIRD 
158 BENZINGER 
158 BARNARD 
158 BLAINE 
158 BERKSHIRE 
158 BICKFORD 
158 BAYNES 
158 BRINTON 
158 BRISCOE 
1580 BAILEY 
1580 BROADWAY 
1582 BROADWAY 
1589 BROADWAY 
159 BARNARD 
159 BEARD 
159 BAYNES 
159 BICKFORD 
159 BLAINE 
159 BIDWELL 
159 BISSELL 
159 BIRD 
159 BERKSHIRE 
159 BOX 
159 BUTLER 
159 BRYANT 
1590 BAILEY 
1592 BAILEY 
1593 BROADWAY 
1596 BAILEY 
1598 BAILEY 
16 BROWNELL 
16 BLOOMFIELD 
16 BOONE 
16 BELL 
16 BIRCH PL 
16 BARTHEL 
16 BERWYN 
16 BERKLEY 
16 BENNETT VILL 
16 BEAUMARIS 
16 BLANTYRE 
16 BLUM 
16 BROWN 
16 BOGARDUS 
16 BENZINGER 
16 BARNARD 
16 BURLINGTON 
16 BIDWELL 
16 BEVERLY 
16 BLACK ROCK HARBOR 
16 BLANCHE 
16 BAXTER 
16 BEATRICE 
16 BISSELL 
16 BRINKMAN 
16 BLOCK 
16 B ST 
16 BUTLER 
160 BRINKMAN 
160 BEST 
160 BRYANT 
160 BLOOMFIELD 
160 BUD MILL 
160 BOTSFORD 
160 BOX 
160 BRUNSWICK 
160 BUTLER 
160 BENZINGER 
160 BENNETT ST 
1600 BROADWAY 
1600 BAILEY 
1602 BAILEY 
1603 BROADWAY 
1608 BAILEY 
161 BLOOMFIELD 
161 BRUNSWICK 
161 BEST 
161 BISSELL 
161 BEARD 
161 BICKFORD 
161 BLAINE 
161 BRISCOE 
161 BOX 
161 BRINKMAN 
1610 BAILEY 
1612 BAILEY 
1614 BROADWAY 
1616 BAILEY 
1618 BROADWAY 
162 BLOOMFIELD 
162 BENZINGER 
162 BRINKMAN 
162 BISSELL 
162 BOX 
162 BRYANT 
162 BERKSHIRE 
162 BENNETT VILL 
162 BICKFORD 
162 BENNETT ST 
162 BUFFUM 
162 BLAINE 
162 BARTON 
162 BIRD 
162 BURGARD 
162 BRISCOE 
162 BEST 
1620 BROADWAY 
1620 BAILEY 
1625 BROADWAY 
1626 BAILEY 
1628 BAILEY 
163 BROADWAY 
163 BARNARD 
163 BENNETT VILL 
163 BIDWELL 
163 BUTLER 
163 BRECKENRIDGE 
163 BRINKMAN 
163 BENNETT ST 
163 BUFFALO RIVER 
163 BIRD 
163 BRINTON 
163 BARTON 
163 BERKSHIRE 
1630 BROADWAY 
1630 BAILEY 
1634 BROADWAY 
1634 BAILEY 
1636 BROADWAY 
1638 BROADWAY 
164 BISSELL 
164 BUTLER 
164 BRUNSWICK 
164 BERKSHIRE 
164 BARNARD 
164 BICKFORD 
164 BIRD 
164 BEST 
164 BURGARD 
1640 BAILEY 
1640 BROADWAY 
1648 BAILEY 
165 BISSELL 
165 BOX 
165 BRYANT 
165 BRUNSWICK 
165 BEARD 
165 BLAINE 
165 BARTON 
165 BICKFORD 
165 BLOOMFIELD 
165 BIRD 
165 BUTLER 
165 BRECKENRIDGE 
165 BARTHEL 
165 BRISCOE 
165 BRINKMAN 
1650 BAILEY 
1651 BAILEY 
1656 BROADWAY 
1656 BAILEY 
1657 BROADWAY 
1658 BAILEY 
166 BRINKMAN 
166 BOX 
166 BRYANT 
166 BRINTON 
166 BEARD 
166 BARTON 
166 BROADWAY 
166 BARNARD 
166 BLAINE 
166 BICKFORD 
166 BEST 
166 BURGARD 
1660 BAILEY 
1662 BAILEY 
1668 BAILEY 
167 BERKSHIRE 
167 BIRD 
167 BROADWAY 
167 BOX 
167 BISSELL 
167 BENNETT VILL 
167 BARNARD 
1672 BAILEY 
1673 BAILEY 
1673 BROADWAY 
1674 BAILEY 
1676 BAILEY 
1676 BAILEY 
1677 BROADWAY 
1678 BAILEY 
168 BERKSHIRE 
168 BENNETT VILL 
168 BARNARD 
168 BRINKMAN 
168 BISSELL 
168 BOX 
168 BRISCOE 
168 BRUNSWICK 
168 BUTLER 
168 BEST 
168 BEARD 
1680 BAILEY 
169 BRISCOE 
169 BRUNSWICK 
169 BUTLER 
169 BIDWELL 
169 BRINTON 
169 BARNARD 
169 BRINKMAN 
169 BIRD 
169 BRYANT 
169 BLOOMFIELD 
169 BENNETT ST 
169 BUFFALO RIVER 
1692 BAILEY 
1694 BAILEY 
1696 BAILEY 
1698 BAILEY 
17 BARDOL 
17 B ST 
17 BAYNES 
17 BREMEN 
17 BALCOM EAST 
17 BRIGGS 
17 BEATRICE 
17 BLANTYRE 
17 BREWSTER 
17 BURBANK DR 
17 BERKLEY 
17 BENNETT VILL 
17 BENZINGER 
17 BLOOMFIELD 
17 BOONE 
17 BUTLER 
17 BRAYTON 
17 BLUM 
17 BARRY 
17 BAME 
17 BEVERLY 
17 BLAINE 
17 BRIDGEMAN 
17 BIRCH PL 
17 BROWN 
170 BICKFORD 
170 BLAINE 
170 BEARD 
170 BRINTON 
170 BRECKENRIDGE 
170 BRUNSWICK 
170 BUTLER 
170 BISSELL 
1701 BROADWAY 
1704 BAILEY 
1708 BAILEY 
171 BISSELL 
171 BRECKENRIDGE 
171 BLAINE 
171 BERKSHIRE 
171 BRINKMAN 
171 BARNARD 
171 BRUNSWICK 
171 BRYANT 
171 BOX 
171 BENNETT VILL 
171 BEARD 
171 BIRD 
171 BENNETT ST 
172 BROADWAY 
172 BARNARD 
172 BERKSHIRE 
172 BRISCOE 
172 BRINKMAN 
172 BENNETT ST 
172 BENNETT VILL 
172 BRECKENRIDGE 
172 BIRD 
1726 BROADWAY 
1728 BROADWAY 
1729 BAILEY 
173 BLOOMFIELD 
173 BISSELL 
173 BOX 
173 BIRD 
173 BARTON 
173 BIDWELL 
173 BLAINE 
173 BUTLER 
173 BRISCOE 
1730 BROADWAY 
1731 BAILEY 
1733 BAILEY 
1735 BAILEY 
1737 BAILEY 
174 BRINKMAN 
174 BROADWAY 
174 BUTLER 
174 BLAINE 
174 BRECKENRIDGE 
174 BRINTON 
174 BERKSHIRE 
174 BICKFORD 
1740 BAILEY 
1746 BAILEY 
175 BARNARD 
175 BARTON 
175 BERKSHIRE 
175 BLAINE 
175 BRYANT 
175 BRUNSWICK 
175 BRINKMAN 
175 BUFFALO RIVER 
175 BRINTON 
175 BUTLER 
175 BRECKENRIDGE 
175 BRISCOE 
1750 BAILEY 
1752 BAILEY 
1753 BAILEY 
1754 BAILEY 
1757 BAILEY 
1757 BROADWAY 
176 BENNETT ST 
176 BUTLER 
176 BEST 
176 BRYANT 
176 BROADWAY 
176 BARNARD 
176 BRUNSWICK 
176 BIRD 
1760 BAILEY 
1763 BAILEY 
1766 BAILEY 
1767 BAILEY 
1769 BAILEY 
177 BENNETT ST 
177 BLOOMFIELD 
177 BIDWELL 
177 BRINKMAN 
177 BRECKENRIDGE 
177 BEARD 
177 BARTON 
177 BERKSHIRE 
1770 BAILEY 
1773 BAILEY 
1773 BROADWAY 
1774 BAILEY 
1777 BROADWAY 
178 BENNETT ST 
178 BRECKENRIDGE 
178 BICKFORD 
178 BRINTON 
178 BEST 
178 BRISCOE 
178 BARNARD 
178 BARTON 
178 BLAINE 
178 BERKSHIRE 
178 BIRD 
1780 BAILEY 
1783 BAILEY 
1786 BAILEY 
1787 BAILEY 
1789 BAILEY 
179 BUTLER 
179 BARTON 
179 BRECKENRIDGE 
179 BRINTON 
179 BRUNSWICK 
179 BRYANT 
179 BIRD 
179 BEARD 
179 BARNARD 
1790 BAILEY 
1792 BAILEY 
1793 BAILEY 
1794 BAILEY 
1794 BROADWAY 
1797 BAILEY 
1798 BAILEY 
18 BOEHM 
18 BLAKE 
18 BARTHEL 
18 BISSELL 
18 BOX 
18 BROOKLYN 
18 BRUNSWICK 
18 BREWSTER 
18 BAME 
18 BAXTER 
18 BENNETT VILL 
18 BICKFORD 
18 BEVERLY 
18 BLAINE 
18 BUFFUM 
18 BURGARD 
18 BARDOL 
18 BAYNES 
18 BRAYTON 
18 B ST 
18 BLUM 
18 BLANTYRE 
18 BRINTON 
18 BOYD 
18 BRIDGEMAN 
18 BENDER 
18 BRIGHTON 
18 BENZINGER 
18 BEYER 
18 BOONE 
18 BRADFORD 
18 BLOOMFIELD 
18 BELVEDERE 
180 BRUNSWICK 
180 BRYANT 
180 BUTLER 
180 BRINKMAN 
180 BICKFORD 
180 BIRD 
180 BAKOS BLVD 
180 BROADWAY 
1800 BAILEY 
1801 BAILEY 
1804 BAILEY 
1805 BAILEY 
1806 BAILEY 
1807 BAILEY 
181 BEARD 
181 BERKSHIRE 
181 BUFFALO RIVER 
181 BRINKMAN 
181 BUFFUM 
181 BARNARD 
181 BRISCOE 
1811 BAILEY 
1811 BROADWAY 
1812 BAILEY 
1815 BAILEY 
1816 BAILEY 
1818 BAILEY 
182 BROADWAY 
182 BRUNSWICK 
182 BRECKENRIDGE 
182 BERKSHIRE 
182 BENNETT ST 
182 BICKFORD 
182 BRINTON 
182 BRISCOE 
182 BARNARD 
1821 BAILEY 
1822 BAILEY 
1823 BAILEY 
1825 BAILEY 
1827 BAILEY 
183 BRINKMAN 
183 BAKOS BLVD 
183 BUTLER 
183 BRYANT 
183 BRUNSWICK 
183 BERKSHIRE 
183 BEARD 
183 BARNARD 
183 BABCOCK 
183 BOX 
183 BRECKENRIDGE 
183 BARTON 
183 BRINTON 
1831 BAILEY 
1835 BAILEY 
1836 BAILEY 
184 BRINKMAN 
184 BEST 
184 BRECKENRIDGE 
184 BIDWELL 
184 BARTON 
184 BARTON 
184 BUTLER 
184 BARNARD 
184 BABCOCK 
184 BROADWAY 
184 BENNETT ST 
185 BRYANT 
185 BRECKENRIDGE 
185 BOX 
185 BURGARD 
185 BEARD 
185 BABCOCK 
185 BUFFUM 
185 BENNETT ST 
186 BENNETT ST 
186 BIRD 
186 BRINTON 
186 BERKSHIRE 
186 BEST 
186 BOX 
186 BRINKMAN 
186 BRECKENRIDGE 
186 BRUNSWICK 
186 BICKFORD 
186 BAITZ 
186 BABCOCK 
186 BARNARD 
1867 BAILEY 
1869 BAILEY 
187 BRINTON 
187 BARNARD 
187 BRINKMAN 
187 BRUNSWICK 
187 BRYANT 
187 BUTLER 
187 BERKSHIRE 
187 BENNETT ST 
187 BOND 
187 BUFFUM 
187 BABCOCK 
1870 BAILEY 
1874 BAILEY 
1879 BAILEY 
188 BRINKMAN 
188 BOX 
188 BUTLER 
188 BIDWELL 
188 BERKSHIRE 
188 BROADWAY 
1881 BAILEY 
1883 BAILEY 
1887 BAILEY 
189 BOX 
189 BURGARD 
189 BIDWELL 
189 BAITZ 
189 BRINKMAN 
189 BRECKENRIDGE 
189 BRUNSWICK 
189 BARNARD 
1890 BAILEY 
1891 BAILEY 
1893 BAILEY 
1896 BAILEY 
1897 BAILEY 
1898 BAILEY 
1899 BAILEY 
19 BURGARD 
19 BISSELL 
19 BOEHM 
19 BUTLER 
19 BRUNSWICK 
19 BERKLEY 
19 BREWSTER 
19 BLANTYRE 
19 BAXTER 
19 BURKE 
19 BRITT 
19 BUFFALO RIVER 
19 BARDOL 
19 BLOCK 
19 BRISCOE 
19 BALCOM EAST 
19 BAYNES 
19 BREMEN 
19 BROOKLYN 
19 B ST 
19 BRANTFORD 
19 BERWYN 
19 BIRCH PL 
19 BENNETT VILL 
19 BOYD 
19 BRIGGS 
19 BELL 
19 BARNARD 
19 BENZINGER 
190 BAITZ 
190 BRINTON 
190 BAYNES 
190 BEST 
190 BRYANT 
190 BOX 
190 BABCOCK 
190 BOND 
190 BIRD 
190 BRUNSWICK 
190 BRECKENRIDGE 
1900 BROADWAY 
1900 BAILEY 
1902 BAILEY 
1903 BROADWAY 
1903 BAILEY 
1904 BAILEY 
1905 BAILEY 
1909 BAILEY 
1909 BROADWAY 
191 BUFFALO RIVER 
191 BOX 
191 BIRD 
191 BRINTON 
191 BERKSHIRE 
191 BRINKMAN 
191 BUTLER 
191 BAITZ 
1911 BAILEY 
1912 BAILEY 
1913 BAILEY 
1914 BAILEY 
1916 BAILEY 
1917 BAILEY 
1918 BAILEY 
192 BRUNSWICK 
192 BIRD 
192 BIDWELL 
192 BERKSHIRE 
192 BROADWAY 
192 BUTLER 
192 BAYNES 
192 BAITZ 
1920 BAILEY 
1921 BAILEY 
1923 BAILEY 
1924 BAILEY 
1925 BAILEY 
193 BRINKMAN 
193 BOX 
193 BARNARD 
193 BURGARD 
193 BUTLER 
193 BRUNSWICK 
1933 BAILEY 
1935 BAILEY 
1937 BAILEY 
1938 BAILEY 
194 BRINKMAN 
194 BOX 
194 BAYNES 
194 BAITZ 
194 BUFFUM 
194 BERKSHIRE 
194 BABCOCK 
194 BARNARD 
1945 BROADWAY 
1946 BAILEY 
1947 BAILEY 
1948 BAILEY 
195 BAKOS BLVD 
195 BERKSHIRE 
195 BABCOCK 
195 BARNARD 
195 BAITZ 
1950 BAILEY 
1952 BAILEY 
1956 BAILEY 
1957 BROADWAY 
1958 BAILEY 
196 BUTLER 
196 BRINTON 
196 BAITZ 
196 BARNARD 
196 BABCOCK 
196 BOX 
196 BRUNSWICK 
196 BEST 
196 BIDWELL 
1962 BAILEY 
1964 BAILEY 
1965 BAILEY 
1966 BAILEY 
197 BUTLER 
197 BRUNSWICK 
197 BRINTON 
197 BRINKMAN 
197 BRECKENRIDGE 
197 BUFFUM 
197 BAITZ 
1971 BAILEY 
1973 BAILEY 
1973 BROADWAY 
1977 BROADWAY 
1977 BAILEY 
1979 BAILEY 
1979 BROADWAY 
198 BERKSHIRE 
198 BUTLER 
198 BRINKMAN 
198 BAKOS BLVD 
198 BIRD 
198 BABCOCK 
1981 BROADWAY 
1982 BAILEY 
1984 BAILEY 
1985 BROADWAY 
1986 BAILEY 
1987 BAILEY 
1989 BROADWAY 
199 BABCOCK 
199 BARNARD 
199 BRUNSWICK 
199 BERKSHIRE 
199 BENZINGER 
1990 BAILEY 
1991 BAILEY 
1993 BAILEY 
1993 BROADWAY 
1994 BAILEY 
1995 BAILEY 
1996 BAILEY 
1999 BAILEY 
2 BENNETT VILL 
2 BRIGHTON 
2 BROWNELL 
2 BLOCK 
2 BUTLER 
2 BEVERLY 
2 BLAINE 
2 BLOSSOM 
2 BAILEY 
2 BUFFALO CREEK RR 
2 BUFFALO RIVER 
2 BAILEY 
2 BOONE 
2 BUFFALO RR SOUTH 
20 BROST 
20 BRADFORD 
20 BEYER 
20 BENZINGER 
20 BRANTFORD 
20 BICKFORD 
20 BOYD 
20 BIRCH PL 
20 BENNETT VILL 
20 BEATRICE 
20 BELMONT 
20 BRINTON 
20 BERKLEY 
20 BREWSTER 
20 BAYNES 
20 BURLINGTON 
20 B ST 
20 BROOKLYN 
20 BLOCK 
20 BOEHM 
20 BARTHEL 
20 BROWN 
20 BROADWAY 
20 BRIGHTON 
20 BENDER 
20 BUFFALO RIVER 
20 BARNARD 
20 BOLTON 
20 BRITT 
20 BIDWELL 
20 BURKE 
20 BERWYN 
20 BEAUMARIS 
20 BLANTYRE 
20 BLAKE 
20 BRINKMAN 
20 BEECH 
20 BRUNSWICK 
20 BUTLER 
200 BEST 
200 BRYANT 
200 BRUNSWICK 
200 BROADWAY 
200 BRINKMAN 
200 BAYNES 
200 BLAINE 
200 BIDWELL 
200 BARNARD 
200 BAITZ 
200 BUFFUM 
200 BOX 
200 BURGARD 
200 BRECKENRIDGE 
200 BIRD 
200 BRINTON 
200 BRISTOL 
200 BABCOCK 
2000 BAILEY 
2001 BROADWAY 
2003 BROADWAY 
2003 BAILEY 
2004 BAILEY 
2005 BAILEY 
2005 BROADWAY 
2007 BROADWAY 
2008 BAILEY 
2009 BAILEY 
201 BRINKMAN 
201 BOX 
201 BRECKENRIDGE 
201 BUTLER 
201 BERKSHIRE 
201 BIRD 
201 BRINTON 
201 BROADWAY 
201 BARNARD 
201 BUFFUM 
201 BAKOS BLVD 
2010 BAILEY 
2011 BAILEY 
2012 BAILEY 
2015 BROADWAY 
2015 BAILEY 
2016 BAILEY 
2017 BAILEY 
2019 BROADWAY 
2019 BAILEY 
202 BURGARD 
202 BOX 
202 BUTLER 
202 BEST 
202 BIRD 
202 BLAINE 
202 BAYNES 
202 BARNARD 
202 BRECKENRIDGE 
202 BRUNSWICK 
202 BERKSHIRE 
2021 BAILEY 
2023 BROADWAY 
2025 BROADWAY 
2025 BAILEY 
2026 BAILEY 
2027 BROADWAY 
203 BABCOCK 
203 BOX 
203 BRUNSWICK 
203 BENZINGER 
2031 BROADWAY 
2035 BAILEY 
2038 BAILEY 
204 BRINKMAN 
204 BAYNES 
204 BENZINGER 
204 BAITZ 
204 BIDWELL 
204 BRINTON 
2040 BAILEY 
2042 BAILEY 
2043 BROADWAY 
2044 BAILEY 
205 BOX 
205 BRECKENRIDGE 
205 BRINTON 
205 BIRD 
205 BERKSHIRE 
205 BABCOCK 
205 BAITZ 
205 BENZINGER 
205 BARNARD 
205 BRINKMAN 
205 BUTLER 
206 BOX 
206 BRUNSWICK 
206 BISSELL 
206 BLAINE 
206 BARNARD 
206 BABCOCK 
206 BERKSHIRE 
206 BIRD 
206 BUTLER 
206 BRECKENRIDGE 
206 BEST 
206 BAKOS BLVD 
206 BURGARD 
206 BRINKMAN 
2065 BAILEY 
2068 BAILEY 
207 BOX 
207 BRECKENRIDGE 
207 BARNARD 
207 BUFFUM 
207 BABCOCK 
207 BENZINGER 
207 BRUNSWICK 
2072 BAILEY 
2073 BAILEY 
2075 BAILEY 
2076 BAILEY 
2078 BAILEY 
2079 BAILEY 
208 BOX 
208 BEST 
208 BAYNES 
208 BRISTOL 
208 BENZINGER 
208 BISSELL 
208 BRINTON 
208 BAITZ 
208 BABCOCK 
208 BARNARD 
2084 BAILEY 
2087 BAILEY 
2088 BAILEY 
209 BUTLER 
209 BERKSHIRE 
209 BABCOCK 
209 BUFFUM 
209 BOX 
209 BRINKMAN /var/lib/gems/1.9.1/gems/mongo-1.9.2/lib/mongo/networking.rb:208:in `check_response_flags': Query response returned CURSOR_NOT_FOUND. Either an invalid cursor was specified, or the cursor may have timed out on the server. (Mongo::OperationFailure)
	from /var/lib/gems/1.9.1/gems/mongo-1.9.2/lib/mongo/networking.rb:201:in `receive_response_header'
	from /var/lib/gems/1.9.1/gems/mongo-1.9.2/lib/mongo/networking.rb:168:in `receive'
	from /var/lib/gems/1.9.1/gems/mongo-1.9.2/lib/mongo/networking.rb:133:in `receive_message'
	from /var/lib/gems/1.9.1/gems/mongo-1.9.2/lib/mongo/cursor.rb:550:in `send_get_more'
	from /var/lib/gems/1.9.1/gems/mongo-1.9.2/lib/mongo/cursor.rb:480:in `refresh'
	from /var/lib/gems/1.9.1/gems/mongo-1.9.2/lib/mongo/cursor.rb:124:in `next'
	from /var/lib/gems/1.9.1/gems/mongo-1.9.2/lib/mongo/cursor.rb:290:in `each'
	from citysalerecords.rb:83:in `<main>'

209 BAKOS BLVD 
209 BRUNSWICK 
209 BIRD 
2092 BAILEY 
2093 BAILEY 
2094 BAILEY 
2095 BAILEY 
2096 BAILEY 
2097 BAILEY 
2098 BAILEY 
2099 BAILEY 
21 BRAYTON 
21 BUTLER 
21 BALCOM EAST 
21 BLAKE 
21 BOX 
21 BRINTON 
21 BRIGGS 
21 BAXTER 
21 BEATRICE 
21 BIDWELL 
21 BEVERLY 
21 BRIGHTON 
21 BISSELL 
21 BARTHEL 
21 BOONE 
21 BRISCOE 
21 BROWN 
21 BOYD 
21 BREMEN 
21 BAYNES 
21 B ST 
21 BENNETT VILL 
21 BERWYN 
21 BARRY 
21 BIRCH PL 
21 BLAINE 
21 BLOOMFIELD 
210 BAITZ 
210 BLAINE 
210 BEST 
210 BURGARD 
210 BERKSHIRE 
210 BRUNSWICK 
210 BUTLER 
210 BISSELL 
210 BRINKMAN 
2100 BAILEY 
2103 BAILEY 
2104 BAILEY 
2105 BAILEY 
2106 BAILEY 
2108 BAILEY 
211 BOX 
211 BIRD 
211 BISSELL 
211 BENZINGER 
2112 BAILEY 
2113 BAILEY 
2117 BAILEY 
212 BURGARD 
212 BEST 
212 BIRD 
212 BIDWELL 
212 BRISTOL 
212 BARNARD 
212 BENZINGER 
212 BABCOCK 
212 BOX 
212 BRECKENRIDGE 
212 BAKOS BLVD 
212 BAYNES 
212 BLAINE 
2123 BAILEY 
213 BISSELL 
213 BENZINGER 
213 BRISTOL 
213 BERKSHIRE 
214 BERKSHIRE 
214 BIRD 
214 BRINTON 
214 BOX 
214 BENZINGER 
214 BRISTOL 
214 BAITZ 
214 BRUNSWICK 
214 BRECKENRIDGE 
215 BRECKENRIDGE 
215 BRUNSWICK 
215 BAKOS BLVD 
215 BAYNES 
215 BIRD 
215 BERKSHIRE 
215 BRISTOL 
215 BENZINGER 
215 BROADWAY 
215 BARNARD 
215 BOX 
215 BISSELL 
215 BEARD 
215 BLAINE 
2151 BAILEY 
2153 BAILEY 
2154 BAILEY 
216 BURGARD 
216 BIRD 
216 BISSELL 
216 BEST 
216 BRECKENRIDGE 
216 BERKSHIRE 
216 BLAINE 
216 BAYNES 
216 BAITZ 
216 BARNARD 
2160 BAILEY 
2164 BAILEY 
2166 BAILEY 
217 BRECKENRIDGE 
217 BISSELL 
217 BRINKMAN 
217 BEDFORD 
217 BRISTOL 
217 BAITZ 
217 BAYNES 
217 BENZINGER 
217 BROADWAY 
2170 BAILEY 
2172 BAILEY 
2174 BAILEY 
2178 BAILEY 
218 BOX 
218 BURGARD 
218 BAITZ 
218 BRUNSWICK 
218 BISSELL 
218 BAYNES 
218 BRINTON 
218 BEDFORD 
218 BRISTOL 
2182 BAILEY 
2186 BAILEY 
2188 BAILEY 
219 BLAINE 
219 BERKSHIRE 
219 BOX 
219 BURGARD 
219 BISSELL 
219 BRUNSWICK 
219 BRYANT 
219 BIRD 
2190 BAILEY 
2194 BAILEY 
22 BOEHM 
22 BROOKLYN 
22 B ST 
22 BAYNES 
22 BEATRICE 
22 BRUCE 
22 BEVERLY 
22 BENNETT VILL 
22 BLAINE 
22 BICKFORD 
22 BERWYN 
22 BOONE 
22 BURCH AVE 
22 BELVEDERE 
22 BUFFUM 
22 BEECH 
22 BLAKE 
22 BOX 
22 BRISCOE 
22 BURGARD 
22 BEAUMARIS 
22 BRIGGS 
22 BLUM 
22 BAXTER 
22 BIDWELL 
22 BENDER 
22 BRIGHTON 
22 BUFFALO RIVER 
22 BOGARDUS 
22 BLOOMFIELD 
22 BOLTON 
22 BRADFORD 
220 BARNARD 
220 BROADWAY 
220 BERKSHIRE 
220 BIRD 
220 BRISTOL 
220 BISSELL 
220 BOX 
220 BLAINE 
220 BAKOS BLVD 
220 BEST 
220 BURGARD 
2201 BAILEY 
2206 BAILEY 
2209 BAILEY 
221 BRINKMAN 
221 BEDFORD 
221 BAYNES 
221 BISSELL 
221 BRISTOL 
221 BARNARD 
2213 BAILEY 
2216 BAILEY 
2219 BAILEY 
222 BEDFORD 
222 BRISTOL 
222 BENZINGER 
222 BRUNSWICK 
222 BRECKENRIDGE 
222 BISSELL 
222 BAYNES 
222 BIRD 
222 BARNARD 
2220 BAILEY 
2221 BAILEY 
2223 BAILEY 
2224 BAILEY 
2226 BAILEY 
2228 BAILEY 
223 BRUNSWICK 
223 BURGARD 
223 BOX 
